2026-02-11 13:29:14 AEDT +1100	DELAYED_BID	88.85
2026-02-11 13:29:14 AEDT +1100	DELAYED_BID_SIZE	5100
2026-02-11 13:29:14 AEDT +1100	DELAYED_ASK	88.9
2026-02-11 13:29:14 AEDT +1100	DELAYED_ASK_SIZE	51300
2026-02-11 13:29:14 AEDT +1100	DELAYED_LAST	88.9
2026-02-11 13:29:14 AEDT +1100	DELAYED_LAST_SIZE	200
2026-02-11 13:29:17 AEDT +1100	DELAYED_LAST	88.85
2026-02-11 13:29:17 AEDT +1100	DELAYED_LAST_SIZE	200
2026-02-11 13:29:19 AEDT +1100	DELAYED_BID_SIZE	7600
2026-02-11 13:29:19 AEDT +1100	DELAYED_ASK_SIZE	54300
2026-02-11 13:29:24 AEDT +1100	DELAYED_BID_SIZE	20700
2026-02-11 13:29:24 AEDT +1100	DELAYED_ASK_SIZE	18300
2026-02-11 13:29:24 AEDT +1100	DELAYED_LAST	88.9
2026-02-11 13:29:24 AEDT +1100	DELAYED_LAST_SIZE	100
2026-02-11 13:29:29 AEDT +1100	DELAYED_BID	88.9
2026-02-11 13:29:29 AEDT +1100	DELAYED_BID_SIZE	4300
2026-02-11 13:29:29 AEDT +1100	DELAYED_ASK	88.95
2026-02-11 13:29:29 AEDT +1100	DELAYED_ASK_SIZE	53800
2026-02-11 13:29:34 AEDT +1100	DELAYED_BID_SIZE	15700
2026-02-11 13:29:34 AEDT +1100	DELAYED_ASK_SIZE	24000
2026-02-11 13:29:34 AEDT +1100	DELAYED_LAST	88.95
2026-02-11 13:29:34 AEDT +1100	DELAYED_LAST_SIZE	200
2026-02-11 13:29:39 AEDT +1100	DELAYED_BID	88.85
2026-02-11 13:29:39 AEDT +1100	DELAYED_BID_SIZE	14100
2026-02-11 13:29:39 AEDT +1100	DELAYED_ASK	88.9
2026-02-11 13:29:39 AEDT +1100	DELAYED_ASK_SIZE	56500
2026-02-11 13:29:39 AEDT +1100	DELAYED_LAST	88.9
2026-02-11 13:29:39 AEDT +1100	DELAYED_LAST_SIZE	5700
2026-02-11 13:29:44 AEDT +1100	DELAYED_BID_SIZE	14700
2026-02-11 13:29:44 AEDT +1100	DELAYED_ASK_SIZE	53100
2026-02-11 13:29:44 AEDT +1100	DELAYED_LAST_SIZE	100
2026-02-11 13:29:49 AEDT +1100	DELAYED_BID_SIZE	13800
2026-02-11 13:29:49 AEDT +1100	DELAYED_ASK_SIZE	56400
2026-02-11 13:29:49 AEDT +1100	DELAYED_LAST	88.85
2026-02-11 13:29:49 AEDT +1100	DELAYED_LAST_SIZE	2000
2026-02-11 13:29:54 AEDT +1100	DELAYED_BID_SIZE	12800
2026-02-11 13:29:54 AEDT +1100	DELAYED_ASK_SIZE	42800
2026-02-11 13:29:54 AEDT +1100	DELAYED_LAST_SIZE	1500
2026-02-11 13:29:59 AEDT +1100	DELAYED_BID_SIZE	12500
2026-02-11 13:29:59 AEDT +1100	DELAYED_ASK_SIZE	58200
2026-02-11 13:29:59 AEDT +1100	DELAYED_LAST	88.9
2026-02-11 13:29:59 AEDT +1100	DELAYED_LAST_SIZE	100
2026-02-11 13:30:03 AEDT +1100	DELAYED_LAST	88.85
2026-02-11 13:30:03 AEDT +1100	DELAYED_LAST_SIZE	100
2026-02-11 13:30:04 AEDT +1100	DELAYED_BID_SIZE	21700
2026-02-11 13:30:04 AEDT +1100	DELAYED_ASK_SIZE	26400
2026-02-11 13:30:09 AEDT +1100	DELAYED_BID_SIZE	10400
2026-02-11 13:30:09 AEDT +1100	DELAYED_ASK_SIZE	67200
2026-02-11 13:30:09 AEDT +1100	DELAYED_LAST_SIZE	1000
2026-02-11 13:30:14 AEDT +1100	DELAYED_BID	88.8
2026-02-11 13:30:14 AEDT +1100	DELAYED_BID_SIZE	43200
2026-02-11 13:30:14 AEDT +1100	DELAYED_ASK	88.85
2026-02-11 13:30:14 AEDT +1100	DELAYED_ASK_SIZE	10300
2026-02-11 13:30:14 AEDT +1100	DELAYED_LAST_SIZE	600
2026-02-11 13:30:19 AEDT +1100	DELAYED_BID	88.85
2026-02-11 13:30:19 AEDT +1100	DELAYED_BID_SIZE	34600
2026-02-11 13:30:19 AEDT +1100	DELAYED_ASK	88.9
2026-02-11 13:30:19 AEDT +1100	DELAYED_ASK_SIZE	7000
2026-02-11 13:30:19 AEDT +1100	DELAYED_LAST_SIZE	4400
2026-02-11 13:30:24 AEDT +1100	DELAYED_BID_SIZE	51900
2026-02-11 13:30:24 AEDT +1100	DELAYED_ASK_SIZE	2200
2026-02-11 13:30:24 AEDT +1100	DELAYED_LAST	88.9
2026-02-11 13:30:24 AEDT +1100	DELAYED_LAST_SIZE	500
2026-02-11 13:30:29 AEDT +1100	DELAYED_BID_SIZE	32900
2026-02-11 13:30:29 AEDT +1100	DELAYED_ASK_SIZE	54600
2026-02-11 13:30:29 AEDT +1100	DELAYED_LAST_SIZE	1000
2026-02-11 13:30:34 AEDT +1100	DELAYED_BID_SIZE	43400
2026-02-11 13:30:34 AEDT +1100	DELAYED_ASK_SIZE	15400
2026-02-11 13:30:34 AEDT +1100	DELAYED_LAST_SIZE	200
2026-02-11 13:30:39 AEDT +1100	DELAYED_BID	88.9
2026-02-11 13:30:39 AEDT +1100	DELAYED_BID_SIZE	300
2026-02-11 13:30:39 AEDT +1100	DELAYED_ASK	88.95
2026-02-11 13:30:39 AEDT +1100	DELAYED_ASK_SIZE	81200
2026-02-11 13:30:39 AEDT +1100	DELAYED_LAST_SIZE	100
2026-02-11 13:30:44 AEDT +1100	DELAYED_BID_SIZE	9300
2026-02-11 13:30:44 AEDT +1100	DELAYED_ASK_SIZE	80500
2026-02-11 13:30:49 AEDT +1100	DELAYED_BID_SIZE	24300
2026-02-11 13:30:49 AEDT +1100	DELAYED_ASK_SIZE	46900
2026-02-11 13:30:49 AEDT +1100	DELAYED_LAST_SIZE	1800
2026-02-11 13:30:53 AEDT +1100	DELAYED_LAST_SIZE	100
2026-02-11 13:30:54 AEDT +1100	DELAYED_BID_SIZE	14900
2026-02-11 13:30:54 AEDT +1100	DELAYED_ASK_SIZE	56500
2026-02-11 13:30:59 AEDT +1100	DELAYED_BID_SIZE	46900
2026-02-11 13:30:59 AEDT +1100	DELAYED_ASK_SIZE	40000
2026-02-11 13:31:04 AEDT +1100	DELAYED_BID	88.95
2026-02-11 13:31:04 AEDT +1100	DELAYED_BID_SIZE	40500
2026-02-11 13:31:04 AEDT +1100	DELAYED_ASK	89.0
2026-02-11 13:31:04 AEDT +1100	DELAYED_ASK_SIZE	41500
2026-02-11 13:31:04 AEDT +1100	DELAYED_LAST	89.0
2026-02-11 13:31:04 AEDT +1100	DELAYED_LAST_SIZE	100
2026-02-11 13:31:09 AEDT +1100	DELAYED_BID	89.0
2026-02-11 13:31:09 AEDT +1100	DELAYED_BID_SIZE	28100
2026-02-11 13:31:09 AEDT +1100	DELAYED_ASK	89.05
2026-02-11 13:31:09 AEDT +1100	DELAYED_ASK_SIZE	44000
2026-02-11 13:31:09 AEDT +1100	DELAYED_LAST	89.05
2026-02-11 13:31:09 AEDT +1100	DELAYED_LAST_SIZE	100
2026-02-11 13:31:13 AEDT +1100	DELAYED_LAST_SIZE	200
2026-02-11 13:31:14 AEDT +1100	DELAYED_BID_SIZE	20400
2026-02-11 13:31:14 AEDT +1100	DELAYED_ASK_SIZE	55600
2026-02-11 13:31:19 AEDT +1100	DELAYED_BID_SIZE	6200
2026-02-11 13:31:19 AEDT +1100	DELAYED_ASK_SIZE	57300
2026-02-11 13:31:19 AEDT +1100	DELAYED_LAST	89.0
2026-02-11 13:31:19 AEDT +1100	DELAYED_LAST_SIZE	300
2026-02-11 13:31:24 AEDT +1100	DELAYED_BID_SIZE	20700
2026-02-11 13:31:24 AEDT +1100	DELAYED_ASK_SIZE	61500
2026-02-11 13:31:24 AEDT +1100	DELAYED_LAST	89.05
2026-02-11 13:31:24 AEDT +1100	DELAYED_LAST_SIZE	100
2026-02-11 13:31:29 AEDT +1100	DELAYED_BID_SIZE	20500
2026-02-11 13:31:29 AEDT +1100	DELAYED_ASK_SIZE	46700
2026-02-11 13:31:29 AEDT +1100	DELAYED_LAST_SIZE	13900
2026-02-11 13:31:34 AEDT +1100	DELAYED_BID_SIZE	33300
2026-02-11 13:31:34 AEDT +1100	DELAYED_ASK_SIZE	49500
2026-02-11 13:31:34 AEDT +1100	DELAYED_LAST_SIZE	100
2026-02-11 13:31:39 AEDT +1100	DELAYED_BID_SIZE	55600
2026-02-11 13:31:39 AEDT +1100	DELAYED_ASK_SIZE	29600
2026-02-11 13:31:39 AEDT +1100	DELAYED_LAST_SIZE	300
2026-02-11 13:31:44 AEDT +1100	DELAYED_BID	89.05
2026-02-11 13:31:44 AEDT +1100	DELAYED_BID_SIZE	100
2026-02-11 13:31:44 AEDT +1100	DELAYED_ASK	89.1
2026-02-11 13:31:44 AEDT +1100	DELAYED_ASK_SIZE	71600
2026-02-11 13:31:44 AEDT +1100	DELAYED_LAST_SIZE	1000
2026-02-11 13:31:48 AEDT +1100	DELAYED_LAST_SIZE	300
2026-02-11 13:31:49 AEDT +1100	DELAYED_BID	89.0
2026-02-11 13:31:49 AEDT +1100	DELAYED_BID_SIZE	58700
2026-02-11 13:31:49 AEDT +1100	DELAYED_ASK	89.05
2026-02-11 13:31:49 AEDT +1100	DELAYED_ASK_SIZE	63500
2026-02-11 13:31:54 AEDT +1100	DELAYED_BID_SIZE	63000
2026-02-11 13:31:54 AEDT +1100	DELAYED_ASK_SIZE	63600
2026-02-11 13:31:54 AEDT +1100	DELAYED_LAST_SIZE	400
2026-02-11 13:31:59 AEDT +1100	DELAYED_BID	89.05
2026-02-11 13:31:59 AEDT +1100	DELAYED_BID_SIZE	41300
2026-02-11 13:31:59 AEDT +1100	DELAYED_ASK	89.1
2026-02-11 13:31:59 AEDT +1100	DELAYED_ASK_SIZE	51400
2026-02-11 13:31:59 AEDT +1100	DELAYED_LAST_SIZE	2800
2026-02-11 13:32:04 AEDT +1100	DELAYED_BID	89.1
2026-02-11 13:32:04 AEDT +1100	DELAYED_BID_SIZE	28800
2026-02-11 13:32:04 AEDT +1100	DELAYED_ASK	89.15
2026-02-11 13:32:04 AEDT +1100	DELAYED_ASK_SIZE	21900
2026-02-11 13:32:04 AEDT +1100	DELAYED_LAST	89.1
2026-02-11 13:32:04 AEDT +1100	DELAYED_LAST_SIZE	1000
2026-02-11 13:32:09 AEDT +1100	DELAYED_BID_SIZE	9600
2026-02-11 13:32:09 AEDT +1100	DELAYED_ASK_SIZE	61800
2026-02-11 13:32:09 AEDT +1100	DELAYED_LAST_SIZE	100
2026-02-11 13:32:14 AEDT +1100	DELAYED_BID_SIZE	6200
2026-02-11 13:32:14 AEDT +1100	DELAYED_ASK_SIZE	68900
2026-02-11 13:32:14 AEDT +1100	DELAYED_LAST_SIZE	1900
2026-02-11 13:32:19 AEDT +1100	DELAYED_BID_SIZE	28600
2026-02-11 13:32:19 AEDT +1100	DELAYED_ASK_SIZE	30400
2026-02-11 13:32:19 AEDT +1100	DELAYED_LAST_SIZE	500
2026-02-11 13:32:24 AEDT +1100	DELAYED_BID_SIZE	41400
2026-02-11 13:32:24 AEDT +1100	DELAYED_ASK_SIZE	32100
2026-02-11 13:32:24 AEDT +1100	DELAYED_LAST	89.15
2026-02-11 13:32:24 AEDT +1100	DELAYED_LAST_SIZE	100
2026-02-11 13:32:28 AEDT +1100	DELAYED_LAST_SIZE	1000
2026-02-11 13:32:29 AEDT +1100	DELAYED_BID_SIZE	22000
2026-02-11 13:32:29 AEDT +1100	DELAYED_ASK_SIZE	73600
2026-02-11 13:32:34 AEDT +1100	DELAYED_BID	88.95
2026-02-11 13:32:34 AEDT +1100	DELAYED_BID_SIZE	12300
2026-02-11 13:32:34 AEDT +1100	DELAYED_ASK	89.0
2026-02-11 13:32:34 AEDT +1100	DELAYED_ASK_SIZE	61000
2026-02-11 13:32:34 AEDT +1100	DELAYED_LAST	89.0
2026-02-11 13:32:34 AEDT +1100	DELAYED_LAST_SIZE	100
2026-02-11 13:32:39 AEDT +1100	DELAYED_BID_SIZE	5600
2026-02-11 13:32:39 AEDT +1100	DELAYED_ASK_SIZE	70000
2026-02-11 13:32:39 AEDT +1100	DELAYED_LAST_SIZE	600
2026-02-11 13:32:44 AEDT +1100	DELAYED_BID_SIZE	38900
2026-02-11 13:32:44 AEDT +1100	DELAYED_ASK_SIZE	30400
2026-02-11 13:32:44 AEDT +1100	DELAYED_LAST_SIZE	100
2026-02-11 13:32:49 AEDT +1100	DELAYED_BID_SIZE	39100
2026-02-11 13:32:49 AEDT +1100	DELAYED_ASK_SIZE	13900
2026-02-11 13:32:49 AEDT +1100	DELAYED_LAST_SIZE	1000
2026-02-11 13:32:54 AEDT +1100	DELAYED_BID_SIZE	37800
2026-02-11 13:32:54 AEDT +1100	DELAYED_ASK_SIZE	11400
2026-02-11 13:32:54 AEDT +1100	DELAYED_LAST_SIZE	100
2026-02-11 13:32:59 AEDT +1100	DELAYED_BID	89.0
2026-02-11 13:32:59 AEDT +1100	DELAYED_BID_SIZE	42100
2026-02-11 13:32:59 AEDT +1100	DELAYED_ASK	89.05
2026-02-11 13:32:59 AEDT +1100	DELAYED_ASK_SIZE	2200
2026-02-11 13:32:59 AEDT +1100	DELAYED_LAST	89.05
2026-02-11 13:32:59 AEDT +1100	DELAYED_LAST_SIZE	100
2026-02-11 13:33:03 AEDT +1100	DELAYED_LAST_SIZE	200
2026-02-11 13:33:04 AEDT +1100	DELAYED_BID_SIZE	42300
2026-02-11 13:33:04 AEDT +1100	DELAYED_ASK_SIZE	8000
2026-02-11 13:33:09 AEDT +1100	DELAYED_BID_SIZE	21600
2026-02-11 13:33:09 AEDT +1100	DELAYED_ASK_SIZE	27800
2026-02-11 13:33:13 AEDT +1100	DELAYED_LAST	89.0
2026-02-11 13:33:13 AEDT +1100	DELAYED_LAST_SIZE	300
2026-02-11 13:33:14 AEDT +1100	DELAYED_BID	88.95
2026-02-11 13:33:14 AEDT +1100	DELAYED_BID_SIZE	5100
2026-02-11 13:33:14 AEDT +1100	DELAYED_ASK	89.0
2026-02-11 13:33:14 AEDT +1100	DELAYED_ASK_SIZE	84900
2026-02-11 13:33:18 AEDT +1100	DELAYED_LAST_SIZE	1000
2026-02-11 13:33:19 AEDT +1100	DELAYED_BID_SIZE	5500
2026-02-11 13:33:19 AEDT +1100	DELAYED_ASK_SIZE	86600
2026-02-11 13:33:24 AEDT +1100	DELAYED_BID_SIZE	5200
2026-02-11 13:33:24 AEDT +1100	DELAYED_ASK_SIZE	86100
2026-02-11 13:33:24 AEDT +1100	DELAYED_LAST_SIZE	200
2026-02-11 13:33:29 AEDT +1100	DELAYED_BID	88.9
2026-02-11 13:33:29 AEDT +1100	DELAYED_BID_SIZE	57500
2026-02-11 13:33:29 AEDT +1100	DELAYED_ASK	88.95
2026-02-11 13:33:29 AEDT +1100	DELAYED_ASK_SIZE	41400
2026-02-11 13:33:29 AEDT +1100	DELAYED_LAST	88.95
2026-02-11 13:33:29 AEDT +1100	DELAYED_LAST_SIZE	100
2026-02-11 13:33:34 AEDT +1100	DELAYED_BID	88.85
2026-02-11 13:33:34 AEDT +1100	DELAYED_BID_SIZE	28800
2026-02-11 13:33:34 AEDT +1100	DELAYED_ASK	88.9
2026-02-11 13:33:34 AEDT +1100	DELAYED_ASK_SIZE	41900
2026-02-11 13:33:34 AEDT +1100	DELAYED_LAST	88.9
2026-02-11 13:33:34 AEDT +1100	DELAYED_LAST_SIZE	100
2026-02-11 13:33:39 AEDT +1100	DELAYED_BID_SIZE	21000
2026-02-11 13:33:39 AEDT +1100	DELAYED_ASK_SIZE	67900
2026-02-11 13:33:39 AEDT +1100	DELAYED_LAST	88.85
2026-02-11 13:33:39 AEDT +1100	DELAYED_LAST_SIZE	100
2026-02-11 13:33:44 AEDT +1100	DELAYED_BID_SIZE	48300
2026-02-11 13:33:44 AEDT +1100	DELAYED_ASK_SIZE	9600
2026-02-11 13:33:44 AEDT +1100	DELAYED_LAST	88.9
2026-02-11 13:33:44 AEDT +1100	DELAYED_LAST_SIZE	100
2026-02-11 13:33:49 AEDT +1100	DELAYED_BID_SIZE	48200
2026-02-11 13:33:49 AEDT +1100	DELAYED_ASK_SIZE	7000
2026-02-11 13:33:49 AEDT +1100	DELAYED_LAST_SIZE	200
2026-02-11 13:33:54 AEDT +1100	DELAYED_BID	88.9
2026-02-11 13:33:54 AEDT +1100	DELAYED_BID_SIZE	13500
2026-02-11 13:33:54 AEDT +1100	DELAYED_ASK	88.95
2026-02-11 13:33:54 AEDT +1100	DELAYED_ASK_SIZE	56800
2026-02-11 13:33:54 AEDT +1100	DELAYED_LAST_SIZE	10800
2026-02-11 13:33:59 AEDT +1100	DELAYED_BID_SIZE	51900
2026-02-11 13:33:59 AEDT +1100	DELAYED_ASK_SIZE	5300
2026-02-11 13:33:59 AEDT +1100	DELAYED_LAST	88.95
2026-02-11 13:33:59 AEDT +1100	DELAYED_LAST_SIZE	200
2026-02-11 13:34:03 AEDT +1100	DELAYED_LAST_SIZE	100
2026-02-11 13:34:04 AEDT +1100	DELAYED_BID_SIZE	55600
2026-02-11 13:34:04 AEDT +1100	DELAYED_ASK_SIZE	4300
2026-02-11 13:34:07 AEDT +1100	DELAYED_LAST_SIZE	1500
2026-02-11 13:34:09 AEDT +1100	DELAYED_BID_SIZE	30200
2026-02-11 13:34:09 AEDT +1100	DELAYED_ASK_SIZE	60300
2026-02-11 13:34:14 AEDT +1100	DELAYED_BID_SIZE	30600
2026-02-11 13:34:14 AEDT +1100	DELAYED_ASK_SIZE	72400
2026-02-11 13:34:14 AEDT +1100	DELAYED_LAST_SIZE	100
2026-02-11 13:34:19 AEDT +1100	DELAYED_BID_SIZE	34200
2026-02-11 13:34:19 AEDT +1100	DELAYED_ASK_SIZE	75600
2026-02-11 13:34:19 AEDT +1100	DELAYED_LAST_SIZE	500
2026-02-11 13:34:20 AEDT +1100	DELAYED_LAST_SIZE	400
2026-02-11 13:34:24 AEDT +1100	DELAYED_BID_SIZE	34300
2026-02-11 13:34:24 AEDT +1100	DELAYED_ASK_SIZE	76800
2026-02-11 13:34:29 AEDT +1100	DELAYED_BID_SIZE	36400
2026-02-11 13:34:29 AEDT +1100	DELAYED_ASK_SIZE	79100
2026-02-11 13:34:29 AEDT +1100	DELAYED_LAST	88.9
2026-02-11 13:34:29 AEDT +1100	DELAYED_LAST_SIZE	500
2026-02-11 13:34:34 AEDT +1100	DELAYED_BID	88.8
2026-02-11 13:34:34 AEDT +1100	DELAYED_BID_SIZE	63900
2026-02-11 13:34:34 AEDT +1100	DELAYED_ASK	88.85
2026-02-11 13:34:34 AEDT +1100	DELAYED_ASK_SIZE	9000
2026-02-11 13:34:34 AEDT +1100	DELAYED_LAST	88.85
2026-02-11 13:34:34 AEDT +1100	DELAYED_LAST_SIZE	100
2026-02-11 13:34:39 AEDT +1100	DELAYED_BID_SIZE	52000
2026-02-11 13:34:39 AEDT +1100	DELAYED_ASK_SIZE	8000
2026-02-11 13:34:44 AEDT +1100	DELAYED_BID_SIZE	35700
2026-02-11 13:34:44 AEDT +1100	DELAYED_ASK_SIZE	79300
2026-02-11 13:34:44 AEDT +1100	DELAYED_LAST	88.8
2026-02-11 13:34:44 AEDT +1100	DELAYED_LAST_SIZE	100
2026-02-11 13:34:49 AEDT +1100	DELAYED_BID_SIZE	29500
2026-02-11 13:34:49 AEDT +1100	DELAYED_ASK_SIZE	63100
2026-02-11 13:34:49 AEDT +1100	DELAYED_LAST_SIZE	400
2026-02-11 13:34:53 AEDT +1100	DELAYED_LAST	88.85
2026-02-11 13:34:53 AEDT +1100	DELAYED_LAST_SIZE	200
2026-02-11 13:34:54 AEDT +1100	DELAYED_BID_SIZE	61000
2026-02-11 13:34:54 AEDT +1100	DELAYED_ASK_SIZE	4900
2026-02-11 13:34:59 AEDT +1100	DELAYED_BID_SIZE	60800
2026-02-11 13:34:59 AEDT +1100	DELAYED_ASK_SIZE	6300
2026-02-11 13:35:04 AEDT +1100	DELAYED_BID_SIZE	58300
2026-02-11 13:35:04 AEDT +1100	DELAYED_ASK_SIZE	5300
2026-02-11 13:35:04 AEDT +1100	DELAYED_LAST_SIZE	300
2026-02-11 13:35:09 AEDT +1100	DELAYED_BID_SIZE	77800
2026-02-11 13:35:09 AEDT +1100	DELAYED_ASK_SIZE	3500
2026-02-11 13:35:09 AEDT +1100	DELAYED_LAST_SIZE	100
2026-02-11 13:35:14 AEDT +1100	DELAYED_BID_SIZE	87500
2026-02-11 13:35:14 AEDT +1100	DELAYED_ASK_SIZE	2800
2026-02-11 13:35:19 AEDT +1100	DELAYED_BID	88.85
2026-02-11 13:35:19 AEDT +1100	DELAYED_BID_SIZE	21000
2026-02-11 13:35:19 AEDT +1100	DELAYED_ASK	88.9
2026-02-11 13:35:19 AEDT +1100	DELAYED_ASK_SIZE	4800
2026-02-11 13:35:19 AEDT +1100	DELAYED_LAST_SIZE	300
2026-02-11 13:35:24 AEDT +1100	DELAYED_BID_SIZE	34000
2026-02-11 13:35:24 AEDT +1100	DELAYED_ASK_SIZE	2500
2026-02-11 13:35:24 AEDT +1100	DELAYED_LAST_SIZE	100
2026-02-11 13:35:28 AEDT +1100	DELAYED_LAST_SIZE	200
2026-02-11 13:35:29 AEDT +1100	DELAYED_BID_SIZE	32200
2026-02-11 13:35:29 AEDT +1100	DELAYED_ASK_SIZE	2700
2026-02-11 13:35:34 AEDT +1100	DELAYED_BID_SIZE	32400
2026-02-11 13:35:34 AEDT +1100	DELAYED_ASK_SIZE	2500
2026-02-11 13:35:34 AEDT +1100	DELAYED_LAST	88.9
2026-02-11 13:35:34 AEDT +1100	DELAYED_LAST_SIZE	500
2026-02-11 13:35:39 AEDT +1100	DELAYED_BID_SIZE	25300
2026-02-11 13:35:39 AEDT +1100	DELAYED_ASK_SIZE	12500
2026-02-11 13:35:39 AEDT +1100	DELAYED_LAST_SIZE	100
2026-02-11 13:35:44 AEDT +1100	DELAYED_BID_SIZE	36800
2026-02-11 13:35:44 AEDT +1100	DELAYED_ASK_SIZE	6900
2026-02-11 13:35:49 AEDT +1100	DELAYED_BID_SIZE	34300
2026-02-11 13:35:49 AEDT +1100	DELAYED_ASK_SIZE	11800
2026-02-11 13:35:54 AEDT +1100	DELAYED_BID_SIZE	10600
2026-02-11 13:35:54 AEDT +1100	DELAYED_ASK_SIZE	27700
2026-02-11 13:35:54 AEDT +1100	DELAYED_LAST	88.85
2026-02-11 13:35:54 AEDT +1100	DELAYED_LAST_SIZE	300
2026-02-11 13:35:56 AEDT +1100	DELAYED_LAST	88.9
2026-02-11 13:35:56 AEDT +1100	DELAYED_LAST_SIZE	100
2026-02-11 13:35:59 AEDT +1100	DELAYED_BID_SIZE	13400
2026-02-11 13:35:59 AEDT +1100	DELAYED_ASK_SIZE	29400
2026-02-11 13:36:02 AEDT +1100	DELAYED_LAST_SIZE	300
2026-02-11 13:36:04 AEDT +1100	DELAYED_BID	88.9
2026-02-11 13:36:04 AEDT +1100	DELAYED_BID_SIZE	32800
2026-02-11 13:36:04 AEDT +1100	DELAYED_ASK	88.95
2026-02-11 13:36:04 AEDT +1100	DELAYED_ASK_SIZE	4600
2026-02-11 13:36:08 AEDT +1100	DELAYED_LAST_SIZE	1000
2026-02-11 13:36:09 AEDT +1100	DELAYED_BID_SIZE	40300
2026-02-11 13:36:09 AEDT +1100	DELAYED_ASK_SIZE	4800
2026-02-11 13:36:14 AEDT +1100	DELAYED_BID_SIZE	40400
2026-02-11 13:36:14 AEDT +1100	DELAYED_ASK_SIZE	7400
2026-02-11 13:36:18 AEDT +1100	DELAYED_LAST	88.95
2026-02-11 13:36:18 AEDT +1100	DELAYED_LAST_SIZE	8800
2026-02-11 13:36:19 AEDT +1100	DELAYED_BID	88.95
2026-02-11 13:36:19 AEDT +1100	DELAYED_BID_SIZE	7200
2026-02-11 13:36:19 AEDT +1100	DELAYED_ASK	89.0
2026-02-11 13:36:19 AEDT +1100	DELAYED_ASK_SIZE	69000
2026-02-11 13:36:24 AEDT +1100	DELAYED_BID_SIZE	1200
2026-02-11 13:36:24 AEDT +1100	DELAYED_ASK_SIZE	74600
2026-02-11 13:36:24 AEDT +1100	DELAYED_LAST_SIZE	200
2026-02-11 13:36:29 AEDT +1100	DELAYED_LAST	89.0
2026-02-11 13:36:29 AEDT +1100	DELAYED_LAST_SIZE	200
2026-02-11 13:36:29 AEDT +1100	DELAYED_BID_SIZE	7700
2026-02-11 13:36:29 AEDT +1100	DELAYED_ASK_SIZE	82400
2026-02-11 13:36:34 AEDT +1100	DELAYED_BID_SIZE	1300
2026-02-11 13:36:34 AEDT +1100	DELAYED_ASK_SIZE	85600
2026-02-11 13:36:34 AEDT +1100	DELAYED_LAST_SIZE	1000
2026-02-11 13:36:39 AEDT +1100	DELAYED_BID_SIZE	2600
2026-02-11 13:36:43 AEDT +1100	DELAYED_LAST	88.95
2026-02-11 13:36:43 AEDT +1100	DELAYED_LAST_SIZE	100
2026-02-11 13:36:44 AEDT +1100	DELAYED_BID_SIZE	1700
2026-02-11 13:36:44 AEDT +1100	DELAYED_ASK_SIZE	111400
2026-02-11 13:36:49 AEDT +1100	DELAYED_BID_SIZE	8600
2026-02-11 13:36:49 AEDT +1100	DELAYED_ASK_SIZE	82600
2026-02-11 13:36:49 AEDT +1100	DELAYED_LAST_SIZE	500
2026-02-11 13:36:53 AEDT +1100	DELAYED_LAST_SIZE	1000
2026-02-11 13:36:54 AEDT +1100	DELAYED_BID_SIZE	22800
2026-02-11 13:36:54 AEDT +1100	DELAYED_ASK_SIZE	86700
2026-02-11 13:36:59 AEDT +1100	DELAYED_BID_SIZE	43900
2026-02-11 13:36:59 AEDT +1100	DELAYED_ASK_SIZE	79900
2026-02-11 13:36:59 AEDT +1100	DELAYED_LAST	89.0
2026-02-11 13:36:59 AEDT +1100	DELAYED_LAST_SIZE	100
2026-02-11 13:37:02 AEDT +1100	DELAYED_LAST	88.95
2026-02-11 13:37:02 AEDT +1100	DELAYED_LAST_SIZE	1400
2026-02-11 13:37:04 AEDT +1100	DELAYED_BID_SIZE	34300
2026-02-11 13:37:04 AEDT +1100	DELAYED_ASK_SIZE	84100
2026-02-11 13:37:09 AEDT +1100	DELAYED_BID_SIZE	46400
2026-02-11 13:37:09 AEDT +1100	DELAYED_ASK_SIZE	71600
2026-02-11 13:37:09 AEDT +1100	DELAYED_LAST_SIZE	1000
2026-02-11 13:37:14 AEDT +1100	DELAYED_BID	89.1
2026-02-11 13:37:14 AEDT +1100	DELAYED_BID_SIZE	19300
2026-02-11 13:37:14 AEDT +1100	DELAYED_ASK	89.15
2026-02-11 13:37:14 AEDT +1100	DELAYED_ASK_SIZE	22500
2026-02-11 13:37:14 AEDT +1100	DELAYED_LAST	89.15
2026-02-11 13:37:14 AEDT +1100	DELAYED_LAST_SIZE	300
2026-02-11 13:37:19 AEDT +1100	DELAYED_BID_SIZE	31500
2026-02-11 13:37:19 AEDT +1100	DELAYED_ASK_SIZE	3300
2026-02-11 13:37:19 AEDT +1100	DELAYED_LAST_SIZE	6100
2026-02-11 13:37:24 AEDT +1100	DELAYED_BID_SIZE	30000
2026-02-11 13:37:24 AEDT +1100	DELAYED_ASK_SIZE	1800
2026-02-11 13:37:24 AEDT +1100	DELAYED_LAST_SIZE	600
2026-02-11 13:37:29 AEDT +1100	DELAYED_BID_SIZE	40300
2026-02-11 13:37:29 AEDT +1100	DELAYED_ASK_SIZE	300
2026-02-11 13:37:29 AEDT +1100	DELAYED_LAST_SIZE	100
2026-02-11 13:37:34 AEDT +1100	DELAYED_BID	89.15
2026-02-11 13:37:34 AEDT +1100	DELAYED_BID_SIZE	15700
2026-02-11 13:37:34 AEDT +1100	DELAYED_ASK	89.2
2026-02-11 13:37:34 AEDT +1100	DELAYED_ASK_SIZE	55300
2026-02-11 13:37:34 AEDT +1100	DELAYED_LAST	89.2
2026-02-11 13:37:34 AEDT +1100	DELAYED_LAST_SIZE	100
2026-02-11 13:37:39 AEDT +1100	DELAYED_BID	89.2
2026-02-11 13:37:39 AEDT +1100	DELAYED_BID_SIZE	44800
2026-02-11 13:37:39 AEDT +1100	DELAYED_ASK	89.25
2026-02-11 13:37:39 AEDT +1100	DELAYED_ASK_SIZE	19200
2026-02-11 13:37:39 AEDT +1100	DELAYED_LAST_SIZE	41000
2026-02-11 13:37:44 AEDT +1100	DELAYED_BID_SIZE	85400
2026-02-11 13:37:44 AEDT +1100	DELAYED_ASK_SIZE	21900
2026-02-11 13:37:44 AEDT +1100	DELAYED_LAST	89.25
2026-02-11 13:37:44 AEDT +1100	DELAYED_LAST_SIZE	100
2026-02-11 13:37:49 AEDT +1100	DELAYED_BID_SIZE	101000
2026-02-11 13:37:49 AEDT +1100	DELAYED_ASK_SIZE	7800
2026-02-11 13:37:49 AEDT +1100	DELAYED_LAST_SIZE	200
2026-02-11 13:37:54 AEDT +1100	DELAYED_BID_SIZE	108900
2026-02-11 13:37:54 AEDT +1100	DELAYED_ASK_SIZE	200
2026-02-11 13:37:54 AEDT +1100	DELAYED_LAST_SIZE	300
2026-02-11 13:37:59 AEDT +1100	DELAYED_BID	89.25
2026-02-11 13:37:59 AEDT +1100	DELAYED_BID_SIZE	42900
2026-02-11 13:37:59 AEDT +1100	DELAYED_ASK	89.3
2026-02-11 13:37:59 AEDT +1100	DELAYED_ASK_SIZE	20100
2026-02-11 13:37:59 AEDT +1100	DELAYED_LAST_SIZE	100
2026-02-11 13:38:04 AEDT +1100	DELAYED_BID_SIZE	28200
2026-02-11 13:38:04 AEDT +1100	DELAYED_ASK_SIZE	38600
2026-02-11 13:38:04 AEDT +1100	DELAYED_LAST	89.3
2026-02-11 13:38:04 AEDT +1100	DELAYED_LAST_SIZE	100
2026-02-11 13:38:09 AEDT +1100	DELAYED_BID_SIZE	74900
2026-02-11 13:38:09 AEDT +1100	DELAYED_ASK_SIZE	13200
2026-02-11 13:38:14 AEDT +1100	DELAYED_BID	89.3
2026-02-11 13:38:14 AEDT +1100	DELAYED_BID_SIZE	19800
2026-02-11 13:38:14 AEDT +1100	DELAYED_ASK	89.35
2026-02-11 13:38:14 AEDT +1100	DELAYED_ASK_SIZE	17000
2026-02-11 13:38:14 AEDT +1100	DELAYED_LAST	89.35
2026-02-11 13:38:14 AEDT +1100	DELAYED_LAST_SIZE	100
2026-02-11 13:38:19 AEDT +1100	DELAYED_BID_SIZE	44900
2026-02-11 13:38:19 AEDT +1100	DELAYED_ASK_SIZE	11800
2026-02-11 13:38:19 AEDT +1100	DELAYED_LAST	89.3
2026-02-11 13:38:19 AEDT +1100	DELAYED_LAST_SIZE	100
2026-02-11 13:38:24 AEDT +1100	DELAYED_BID	89.35
2026-02-11 13:38:24 AEDT +1100	DELAYED_BID_SIZE	32100
2026-02-11 13:38:24 AEDT +1100	DELAYED_ASK	89.4
2026-02-11 13:38:24 AEDT +1100	DELAYED_ASK_SIZE	22000
2026-02-11 13:38:24 AEDT +1100	DELAYED_LAST	89.35
2026-02-11 13:38:24 AEDT +1100	DELAYED_LAST_SIZE	200
2026-02-11 13:38:29 AEDT +1100	DELAYED_BID_SIZE	40900
2026-02-11 13:38:29 AEDT +1100	DELAYED_ASK_SIZE	55000
2026-02-11 13:38:34 AEDT +1100	DELAYED_LAST	89.25
2026-02-11 13:38:34 AEDT +1100	DELAYED_LAST_SIZE	500
2026-02-11 13:38:34 AEDT +1100	DELAYED_BID	89.25
2026-02-11 13:38:34 AEDT +1100	DELAYED_BID_SIZE	81300
2026-02-11 13:38:34 AEDT +1100	DELAYED_ASK	89.3
2026-02-11 13:38:34 AEDT +1100	DELAYED_ASK_SIZE	5100
2026-02-11 13:38:39 AEDT +1100	DELAYED_BID	89.3
2026-02-11 13:38:39 AEDT +1100	DELAYED_BID_SIZE	84000
2026-02-11 13:38:39 AEDT +1100	DELAYED_ASK	89.35
2026-02-11 13:38:39 AEDT +1100	DELAYED_ASK_SIZE	55200
2026-02-11 13:38:39 AEDT +1100	DELAYED_LAST	89.35
2026-02-11 13:38:39 AEDT +1100	DELAYED_LAST_SIZE	200
2026-02-11 13:38:44 AEDT +1100	DELAYED_BID_SIZE	76600
2026-02-11 13:38:44 AEDT +1100	DELAYED_ASK_SIZE	61100
2026-02-11 13:38:44 AEDT +1100	DELAYED_LAST	89.3
2026-02-11 13:38:44 AEDT +1100	DELAYED_LAST_SIZE	500
2026-02-11 13:38:49 AEDT +1100	DELAYED_BID_SIZE	86900
2026-02-11 13:38:49 AEDT +1100	DELAYED_ASK_SIZE	54700
2026-02-11 13:38:49 AEDT +1100	DELAYED_LAST	89.35
2026-02-11 13:38:49 AEDT +1100	DELAYED_LAST_SIZE	100
2026-02-11 13:38:54 AEDT +1100	DELAYED_BID_SIZE	71100
2026-02-11 13:38:54 AEDT +1100	DELAYED_ASK_SIZE	78000
2026-02-11 13:38:54 AEDT +1100	DELAYED_LAST_SIZE	600
2026-02-11 13:38:59 AEDT +1100	DELAYED_BID_SIZE	70800
2026-02-11 13:38:59 AEDT +1100	DELAYED_ASK_SIZE	87800
2026-02-11 13:38:59 AEDT +1100	DELAYED_LAST	89.3
2026-02-11 13:38:59 AEDT +1100	DELAYED_LAST_SIZE	300
2026-02-11 13:39:04 AEDT +1100	DELAYED_BID_SIZE	84000
2026-02-11 13:39:04 AEDT +1100	DELAYED_ASK_SIZE	56300
2026-02-11 13:39:04 AEDT +1100	DELAYED_LAST	89.35
2026-02-11 13:39:04 AEDT +1100	DELAYED_LAST_SIZE	300
2026-02-11 13:39:08 AEDT +1100	DELAYED_LAST_SIZE	1000
2026-02-11 13:39:09 AEDT +1100	DELAYED_BID_SIZE	81700
2026-02-11 13:39:09 AEDT +1100	DELAYED_ASK_SIZE	54600
2026-02-11 13:39:14 AEDT +1100	DELAYED_BID_SIZE	70300
2026-02-11 13:39:14 AEDT +1100	DELAYED_ASK_SIZE	89300
2026-02-11 13:39:14 AEDT +1100	DELAYED_LAST	89.3
2026-02-11 13:39:14 AEDT +1100	DELAYED_LAST_SIZE	100
2026-02-11 13:39:17 AEDT +1100	DELAYED_LAST	89.25
2026-02-11 13:39:17 AEDT +1100	DELAYED_LAST_SIZE	1500
2026-02-11 13:39:19 AEDT +1100	DELAYED_BID	89.2
2026-02-11 13:39:19 AEDT +1100	DELAYED_BID_SIZE	16500
2026-02-11 13:39:19 AEDT +1100	DELAYED_ASK	89.25
2026-02-11 13:39:19 AEDT +1100	DELAYED_ASK_SIZE	87500
2026-02-11 13:39:24 AEDT +1100	DELAYED_BID	89.15
2026-02-11 13:39:24 AEDT +1100	DELAYED_BID_SIZE	14100
2026-02-11 13:39:24 AEDT +1100	DELAYED_ASK	89.2
2026-02-11 13:39:24 AEDT +1100	DELAYED_ASK_SIZE	62900
2026-02-11 13:39:24 AEDT +1100	DELAYED_LAST	89.2
2026-02-11 13:39:24 AEDT +1100	DELAYED_LAST_SIZE	300
2026-02-11 13:39:29 AEDT +1100	DELAYED_BID	89.1
2026-02-11 13:39:29 AEDT +1100	DELAYED_BID_SIZE	13600
2026-02-11 13:39:29 AEDT +1100	DELAYED_ASK	89.15
2026-02-11 13:39:29 AEDT +1100	DELAYED_ASK_SIZE	77100
2026-02-11 13:39:29 AEDT +1100	DELAYED_LAST	89.15
2026-02-11 13:39:29 AEDT +1100	DELAYED_LAST_SIZE	2100
2026-02-11 13:39:34 AEDT +1100	DELAYED_BID_SIZE	13400
2026-02-11 13:39:34 AEDT +1100	DELAYED_ASK_SIZE	77300
2026-02-11 13:39:34 AEDT +1100	DELAYED_LAST	89.1
2026-02-11 13:39:34 AEDT +1100	DELAYED_LAST_SIZE	3000
2026-02-11 13:39:39 AEDT +1100	DELAYED_BID	89.05
2026-02-11 13:39:39 AEDT +1100	DELAYED_BID_SIZE	1500
2026-02-11 13:39:39 AEDT +1100	DELAYED_ASK	89.1
2026-02-11 13:39:39 AEDT +1100	DELAYED_ASK_SIZE	114400
2026-02-11 13:39:39 AEDT +1100	DELAYED_LAST_SIZE	100
2026-02-11 13:39:44 AEDT +1100	DELAYED_BID_SIZE	10100
2026-02-11 13:39:44 AEDT +1100	DELAYED_ASK_SIZE	70800
2026-02-11 13:39:44 AEDT +1100	DELAYED_LAST_SIZE	5000
2026-02-11 13:39:49 AEDT +1100	DELAYED_BID_SIZE	21600
2026-02-11 13:39:49 AEDT +1100	DELAYED_ASK_SIZE	65500
2026-02-11 13:39:49 AEDT +1100	DELAYED_LAST	89.05
2026-02-11 13:39:49 AEDT +1100	DELAYED_LAST_SIZE	100
2026-02-11 13:39:54 AEDT +1100	DELAYED_BID_SIZE	1900
2026-02-11 13:39:54 AEDT +1100	DELAYED_ASK_SIZE	94600
2026-02-11 13:39:59 AEDT +1100	DELAYED_BID	89.0
2026-02-11 13:39:59 AEDT +1100	DELAYED_BID_SIZE	56600
2026-02-11 13:39:59 AEDT +1100	DELAYED_ASK	89.05
2026-02-11 13:39:59 AEDT +1100	DELAYED_ASK_SIZE	36300
2026-02-11 13:39:59 AEDT +1100	DELAYED_LAST	89.0
2026-02-11 13:39:59 AEDT +1100	DELAYED_LAST_SIZE	200
2026-02-11 13:40:04 AEDT +1100	DELAYED_BID	89.05
2026-02-11 13:40:04 AEDT +1100	DELAYED_BID_SIZE	68300
2026-02-11 13:40:04 AEDT +1100	DELAYED_ASK	89.1
2026-02-11 13:40:04 AEDT +1100	DELAYED_ASK_SIZE	8300
2026-02-11 13:40:04 AEDT +1100	DELAYED_LAST	89.05
2026-02-11 13:40:04 AEDT +1100	DELAYED_LAST_SIZE	100
2026-02-11 13:40:08 AEDT +1100	DELAYED_LAST	89.1
2026-02-11 13:40:08 AEDT +1100	DELAYED_LAST_SIZE	100
2026-02-11 13:40:09 AEDT +1100	DELAYED_BID	89.1
2026-02-11 13:40:09 AEDT +1100	DELAYED_BID_SIZE	49600
2026-02-11 13:40:09 AEDT +1100	DELAYED_ASK	89.15
2026-02-11 13:40:09 AEDT +1100	DELAYED_ASK_SIZE	3200
2026-02-11 13:40:12 AEDT +1100	DELAYED_LAST	89.15
2026-02-11 13:40:12 AEDT +1100	DELAYED_LAST_SIZE	100
2026-02-11 13:40:14 AEDT +1100	DELAYED_BID_SIZE	49700
2026-02-11 13:40:18 AEDT +1100	DELAYED_LAST_SIZE	200
2026-02-11 13:40:19 AEDT +1100	DELAYED_BID_SIZE	35700
2026-02-11 13:40:19 AEDT +1100	DELAYED_ASK_SIZE	9400
2026-02-11 13:40:22 AEDT +1100	DELAYED_LAST	89.1
2026-02-11 13:40:22 AEDT +1100	DELAYED_LAST_SIZE	100
2026-02-11 13:40:24 AEDT +1100	DELAYED_BID_SIZE	12900
2026-02-11 13:40:24 AEDT +1100	DELAYED_ASK_SIZE	47800
2026-02-11 13:40:29 AEDT +1100	DELAYED_BID	89.05
2026-02-11 13:40:29 AEDT +1100	DELAYED_BID_SIZE	8300
2026-02-11 13:40:29 AEDT +1100	DELAYED_ASK	89.1
2026-02-11 13:40:29 AEDT +1100	DELAYED_ASK_SIZE	63900
2026-02-11 13:40:29 AEDT +1100	DELAYED_LAST_SIZE	200
2026-02-11 13:40:34 AEDT +1100	DELAYED_BID_SIZE	19700
2026-02-11 13:40:34 AEDT +1100	DELAYED_ASK_SIZE	49800
2026-02-11 13:40:34 AEDT +1100	DELAYED_LAST_SIZE	1000
2026-02-11 13:40:39 AEDT +1100	DELAYED_BID_SIZE	25400
2026-02-11 13:40:39 AEDT +1100	DELAYED_ASK_SIZE	13100
2026-02-11 13:40:39 AEDT +1100	DELAYED_LAST_SIZE	100
2026-02-11 13:40:43 AEDT +1100	DELAYED_LAST_SIZE	200
2026-02-11 13:40:44 AEDT +1100	DELAYED_BID_SIZE	8900
2026-02-11 13:40:44 AEDT +1100	DELAYED_ASK_SIZE	67300
2026-02-11 13:40:49 AEDT +1100	DELAYED_BID_SIZE	3800
2026-02-11 13:40:49 AEDT +1100	DELAYED_LAST	89.05
2026-02-11 13:40:49 AEDT +1100	DELAYED_LAST_SIZE	200
2026-02-11 13:40:54 AEDT +1100	DELAYED_BID_SIZE	8500
2026-02-11 13:40:54 AEDT +1100	DELAYED_ASK_SIZE	55900
2026-02-11 13:40:54 AEDT +1100	DELAYED_LAST	89.1
2026-02-11 13:40:54 AEDT +1100	DELAYED_LAST_SIZE	100
2026-02-11 13:41:00 AEDT +1100	DELAYED_BID_SIZE	8200
2026-02-11 13:41:00 AEDT +1100	DELAYED_ASK_SIZE	52100
2026-02-11 13:41:00 AEDT +1100	DELAYED_LAST_SIZE	200
2026-02-11 13:41:04 AEDT +1100	DELAYED_BID_SIZE	21700
2026-02-11 13:41:04 AEDT +1100	DELAYED_ASK_SIZE	10000
2026-02-11 13:41:04 AEDT +1100	DELAYED_LAST_SIZE	300
2026-02-11 13:41:09 AEDT +1100	DELAYED_BID_SIZE	33600
2026-02-11 13:41:09 AEDT +1100	DELAYED_ASK_SIZE	9400
2026-02-11 13:41:14 AEDT +1100	DELAYED_BID_SIZE	10700
2026-02-11 13:41:14 AEDT +1100	DELAYED_ASK_SIZE	39600
2026-02-11 13:41:14 AEDT +1100	DELAYED_LAST_SIZE	1000
2026-02-11 13:41:18 AEDT +1100	DELAYED_LAST_SIZE	500
2026-02-11 13:41:19 AEDT +1100	DELAYED_BID	89.1
2026-02-11 13:41:19 AEDT +1100	DELAYED_BID_SIZE	11400
2026-02-11 13:41:19 AEDT +1100	DELAYED_ASK	89.15
2026-02-11 13:41:19 AEDT +1100	DELAYED_ASK_SIZE	55000
2026-02-11 13:41:21 AEDT +1100	DELAYED_LAST_SIZE	400
2026-02-11 13:41:24 AEDT +1100	DELAYED_BID_SIZE	12200
2026-02-11 13:41:24 AEDT +1100	DELAYED_ASK_SIZE	54700
2026-02-11 13:41:29 AEDT +1100	DELAYED_BID_SIZE	36300
2026-02-11 13:41:29 AEDT +1100	DELAYED_ASK_SIZE	57500
2026-02-11 13:41:34 AEDT +1100	DELAYED_BID_SIZE	46600
2026-02-11 13:41:34 AEDT +1100	DELAYED_ASK_SIZE	15500
2026-02-11 13:41:34 AEDT +1100	DELAYED_LAST	89.15
2026-02-11 13:41:34 AEDT +1100	DELAYED_LAST_SIZE	600
2026-02-11 13:41:39 AEDT +1100	DELAYED_BID_SIZE	48300
2026-02-11 13:41:39 AEDT +1100	DELAYED_ASK_SIZE	16700
2026-02-11 13:41:39 AEDT +1100	DELAYED_LAST_SIZE	100
2026-02-11 13:41:44 AEDT +1100	DELAYED_BID_SIZE	39600
2026-02-11 13:41:44 AEDT +1100	DELAYED_ASK_SIZE	32200
2026-02-11 13:41:44 AEDT +1100	DELAYED_LAST_SIZE	300
2026-02-11 13:41:49 AEDT +1100	DELAYED_BID_SIZE	38900
2026-02-11 13:41:49 AEDT +1100	DELAYED_ASK_SIZE	35900
2026-02-11 13:41:49 AEDT +1100	DELAYED_LAST	89.1
2026-02-11 13:41:49 AEDT +1100	DELAYED_LAST_SIZE	100
2026-02-11 13:41:53 AEDT +1100	DELAYED_LAST	89.15
2026-02-11 13:41:53 AEDT +1100	DELAYED_LAST_SIZE	100
2026-02-11 13:41:54 AEDT +1100	DELAYED_BID_SIZE	37100
2026-02-11 13:41:54 AEDT +1100	DELAYED_ASK_SIZE	74700
2026-02-11 13:41:59 AEDT +1100	DELAYED_BID_SIZE	47700
2026-02-11 13:41:59 AEDT +1100	DELAYED_ASK_SIZE	77100
2026-02-11 13:42:04 AEDT +1100	DELAYED_BID_SIZE	74200
2026-02-11 13:42:04 AEDT +1100	DELAYED_ASK_SIZE	9600
2026-02-11 13:42:04 AEDT +1100	DELAYED_LAST	89.1
2026-02-11 13:42:04 AEDT +1100	DELAYED_LAST_SIZE	300
2026-02-11 13:42:09 AEDT +1100	DELAYED_BID_SIZE	75600
2026-02-11 13:42:09 AEDT +1100	DELAYED_ASK_SIZE	11300
2026-02-11 13:42:09 AEDT +1100	DELAYED_LAST	89.15
2026-02-11 13:42:09 AEDT +1100	DELAYED_LAST_SIZE	100
2026-02-11 13:42:14 AEDT +1100	DELAYED_BID_SIZE	79100
2026-02-11 13:42:14 AEDT +1100	DELAYED_ASK_SIZE	4500
2026-02-11 13:42:14 AEDT +1100	DELAYED_LAST_SIZE	200
2026-02-11 13:42:19 AEDT +1100	DELAYED_BID_SIZE	79800
2026-02-11 13:42:19 AEDT +1100	DELAYED_ASK_SIZE	7100
2026-02-11 13:42:19 AEDT +1100	DELAYED_LAST_SIZE	1000
2026-02-11 13:42:24 AEDT +1100	DELAYED_BID_SIZE	61400
2026-02-11 13:42:24 AEDT +1100	DELAYED_ASK_SIZE	36500
2026-02-11 13:42:24 AEDT +1100	DELAYED_LAST	89.1
2026-02-11 13:42:24 AEDT +1100	DELAYED_LAST_SIZE	100
2026-02-11 13:42:29 AEDT +1100	DELAYED_BID_SIZE	56600
2026-02-11 13:42:29 AEDT +1100	DELAYED_ASK_SIZE	49200
2026-02-11 13:42:29 AEDT +1100	DELAYED_LAST	89.15
2026-02-11 13:42:29 AEDT +1100	DELAYED_LAST_SIZE	100
2026-02-11 13:42:34 AEDT +1100	DELAYED_BID_SIZE	55800
2026-02-11 13:42:34 AEDT +1100	DELAYED_ASK_SIZE	48500
2026-02-11 13:42:34 AEDT +1100	DELAYED_LAST_SIZE	300
2026-02-11 13:42:38 AEDT +1100	DELAYED_LAST_SIZE	200
2026-02-11 13:42:39 AEDT +1100	DELAYED_BID_SIZE	69700
2026-02-11 13:42:39 AEDT +1100	DELAYED_ASK_SIZE	12000
2026-02-11 13:42:42 AEDT +1100	DELAYED_LAST	89.1
2026-02-11 13:42:42 AEDT +1100	DELAYED_LAST_SIZE	100
2026-02-11 13:42:44 AEDT +1100	DELAYED_ASK_SIZE	6900
2026-02-11 13:42:49 AEDT +1100	DELAYED_BID_SIZE	56600
2026-02-11 13:42:49 AEDT +1100	DELAYED_ASK_SIZE	38000
2026-02-11 13:42:49 AEDT +1100	DELAYED_LAST	89.15
2026-02-11 13:42:49 AEDT +1100	DELAYED_LAST_SIZE	2500
2026-02-11 13:42:54 AEDT +1100	DELAYED_BID_SIZE	48300
2026-02-11 13:42:54 AEDT +1100	DELAYED_ASK_SIZE	54600
2026-02-11 13:42:54 AEDT +1100	DELAYED_LAST_SIZE	2000
2026-02-11 13:42:59 AEDT +1100	DELAYED_BID_SIZE	49000
2026-02-11 13:42:59 AEDT +1100	DELAYED_ASK_SIZE	69900
2026-02-11 13:42:59 AEDT +1100	DELAYED_LAST	89.1
2026-02-11 13:42:59 AEDT +1100	DELAYED_LAST_SIZE	100
2026-02-11 13:43:03 AEDT +1100	DELAYED_LAST_SIZE	600
2026-02-11 13:43:04 AEDT +1100	DELAYED_ASK_SIZE	74200
2026-02-11 13:43:09 AEDT +1100	DELAYED_BID_SIZE	46200
2026-02-11 13:43:09 AEDT +1100	DELAYED_ASK_SIZE	82100
2026-02-11 13:43:09 AEDT +1100	DELAYED_LAST	89.15
2026-02-11 13:43:09 AEDT +1100	DELAYED_LAST_SIZE	100
2026-02-11 13:43:14 AEDT +1100	DELAYED_BID_SIZE	47500
2026-02-11 13:43:14 AEDT +1100	DELAYED_ASK_SIZE	85500
2026-02-11 13:43:19 AEDT +1100	DELAYED_BID_SIZE	51400
2026-02-11 13:43:19 AEDT +1100	DELAYED_ASK_SIZE	90200
2026-02-11 13:43:19 AEDT +1100	DELAYED_LAST	89.1
2026-02-11 13:43:19 AEDT +1100	DELAYED_LAST_SIZE	100
2026-02-11 13:43:24 AEDT +1100	DELAYED_BID_SIZE	52100
2026-02-11 13:43:24 AEDT +1100	DELAYED_ASK_SIZE	98800
2026-02-11 13:43:24 AEDT +1100	DELAYED_LAST	89.15
2026-02-11 13:43:24 AEDT +1100	DELAYED_LAST_SIZE	200
2026-02-11 13:43:27 AEDT +1100	DELAYED_LAST	89.0
2026-02-11 13:43:27 AEDT +1100	DELAYED_LAST_SIZE	4700
2026-02-11 13:43:28 AEDT +1100	DELAYED_BID	89.0
2026-02-11 13:43:28 AEDT +1100	DELAYED_BID_SIZE	45100
2026-02-11 13:43:28 AEDT +1100	DELAYED_ASK	89.05
2026-02-11 13:43:28 AEDT +1100	DELAYED_ASK_SIZE	81700
2026-02-11 13:43:32 AEDT +1100	DELAYED_LAST_SIZE	200
2026-02-11 13:43:34 AEDT +1100	DELAYED_BID_SIZE	46100
2026-02-11 13:43:34 AEDT +1100	DELAYED_ASK_SIZE	97900
2026-02-11 13:43:39 AEDT +1100	DELAYED_BID	88.95
2026-02-11 13:43:39 AEDT +1100	DELAYED_BID_SIZE	8500
2026-02-11 13:43:39 AEDT +1100	DELAYED_ASK	89.0
2026-02-11 13:43:39 AEDT +1100	DELAYED_ASK_SIZE	75700
2026-02-11 13:43:39 AEDT +1100	DELAYED_LAST	88.95
2026-02-11 13:43:39 AEDT +1100	DELAYED_LAST_SIZE	2500
2026-02-11 13:43:44 AEDT +1100	DELAYED_BID_SIZE	7900
2026-02-11 13:43:44 AEDT +1100	DELAYED_ASK_SIZE	74200
2026-02-11 13:43:44 AEDT +1100	DELAYED_LAST_SIZE	100
2026-02-11 13:43:49 AEDT +1100	DELAYED_BID	88.9
2026-02-11 13:43:49 AEDT +1100	DELAYED_BID_SIZE	26600
2026-02-11 13:43:49 AEDT +1100	DELAYED_ASK_SIZE	101300
2026-02-11 13:43:49 AEDT +1100	DELAYED_LAST	88.9
2026-02-11 13:43:49 AEDT +1100	DELAYED_LAST_SIZE	100
2026-02-11 13:43:52 AEDT +1100	DELAYED_LAST	88.95
2026-02-11 13:43:52 AEDT +1100	DELAYED_LAST_SIZE	200
2026-02-11 13:43:54 AEDT +1100	DELAYED_BID	88.95
2026-02-11 13:43:54 AEDT +1100	DELAYED_BID_SIZE	7800
2026-02-11 13:43:54 AEDT +1100	DELAYED_ASK_SIZE	75800
2026-02-11 13:43:59 AEDT +1100	DELAYED_BID_SIZE	7500
2026-02-11 13:43:59 AEDT +1100	DELAYED_ASK_SIZE	76800
2026-02-11 13:44:04 AEDT +1100	DELAYED_BID_SIZE	13100
2026-02-11 13:44:04 AEDT +1100	DELAYED_ASK_SIZE	54800
2026-02-11 13:44:04 AEDT +1100	DELAYED_LAST_SIZE	500
2026-02-11 13:44:09 AEDT +1100	DELAYED_BID_SIZE	10600
2026-02-11 13:44:09 AEDT +1100	DELAYED_ASK_SIZE	59600
2026-02-11 13:44:09 AEDT +1100	DELAYED_LAST_SIZE	100
2026-02-11 13:44:14 AEDT +1100	DELAYED_BID_SIZE	13500
2026-02-11 13:44:14 AEDT +1100	DELAYED_ASK_SIZE	68400
2026-02-11 13:44:17 AEDT +1100	DELAYED_LAST_SIZE	200
2026-02-11 13:44:19 AEDT +1100	DELAYED_BID_SIZE	8400
2026-02-11 13:44:19 AEDT +1100	DELAYED_ASK_SIZE	68800
2026-02-11 13:44:24 AEDT +1100	DELAYED_BID	88.9
2026-02-11 13:44:24 AEDT +1100	DELAYED_BID_SIZE	66100
2026-02-11 13:44:24 AEDT +1100	DELAYED_ASK	88.95
2026-02-11 13:44:24 AEDT +1100	DELAYED_ASK_SIZE	24400
2026-02-11 13:44:24 AEDT +1100	DELAYED_LAST_SIZE	1300
2026-02-11 13:44:26 AEDT +1100	DELAYED_LAST	89.0
2026-02-11 13:44:26 AEDT +1100	DELAYED_LAST_SIZE	4400
2026-02-11 13:44:29 AEDT +1100	DELAYED_BID	88.95
2026-02-11 13:44:29 AEDT +1100	DELAYED_BID_SIZE	38400
2026-02-11 13:44:29 AEDT +1100	DELAYED_ASK	89.0
2026-02-11 13:44:29 AEDT +1100	DELAYED_ASK_SIZE	10700
2026-02-11 13:44:33 AEDT +1100	DELAYED_LAST_SIZE	500
2026-02-11 13:44:34 AEDT +1100	DELAYED_BID_SIZE	39100
2026-02-11 13:44:34 AEDT +1100	DELAYED_ASK_SIZE	11600
2026-02-11 13:44:37 AEDT +1100	DELAYED_LAST_SIZE	400
2026-02-11 13:44:39 AEDT +1100	DELAYED_BID_SIZE	42200
2026-02-11 13:44:39 AEDT +1100	DELAYED_ASK_SIZE	10900
2026-02-11 13:44:44 AEDT +1100	DELAYED_BID_SIZE	31500
2026-02-11 13:44:44 AEDT +1100	DELAYED_ASK_SIZE	700
2026-02-11 13:44:44 AEDT +1100	DELAYED_LAST_SIZE	300
2026-02-11 13:44:47 AEDT +1100	DELAYED_LAST_SIZE	1000
2026-02-11 13:44:49 AEDT +1100	DELAYED_BID_SIZE	3900
2026-02-11 13:44:49 AEDT +1100	DELAYED_ASK_SIZE	71600
2026-02-11 13:44:54 AEDT +1100	DELAYED_BID	88.9
2026-02-11 13:44:54 AEDT +1100	DELAYED_BID_SIZE	24800
2026-02-11 13:44:54 AEDT +1100	DELAYED_ASK	88.95
2026-02-11 13:44:54 AEDT +1100	DELAYED_ASK_SIZE	11500
2026-02-11 13:44:54 AEDT +1100	DELAYED_LAST	88.95
2026-02-11 13:44:54 AEDT +1100	DELAYED_LAST_SIZE	200
2026-02-11 13:44:59 AEDT +1100	DELAYED_BID_SIZE	20900
2026-02-11 13:44:59 AEDT +1100	DELAYED_ASK_SIZE	41600
2026-02-11 13:45:04 AEDT +1100	DELAYED_BID_SIZE	38800
2026-02-11 13:45:04 AEDT +1100	DELAYED_ASK_SIZE	14500
2026-02-11 13:45:04 AEDT +1100	DELAYED_LAST_SIZE	500
2026-02-11 13:45:09 AEDT +1100	DELAYED_BID_SIZE	44900
2026-02-11 13:45:09 AEDT +1100	DELAYED_ASK_SIZE	16500
2026-02-11 13:45:14 AEDT +1100	DELAYED_BID_SIZE	36500
2026-02-11 13:45:14 AEDT +1100	DELAYED_ASK_SIZE	19200
2026-02-11 13:45:14 AEDT +1100	DELAYED_LAST_SIZE	100
2026-02-11 13:45:19 AEDT +1100	DELAYED_BID_SIZE	24800
2026-02-11 13:45:19 AEDT +1100	DELAYED_ASK_SIZE	67500
2026-02-11 13:45:21 AEDT +1100	DELAYED_LAST_SIZE	200
2026-02-11 13:45:22 AEDT +1100	DELAYED_BID_SIZE	24700
2026-02-11 13:45:22 AEDT +1100	DELAYED_ASK_SIZE	87200
2026-02-11 13:45:27 AEDT +1100	DELAYED_LAST_SIZE	100
2026-02-11 13:45:28 AEDT +1100	DELAYED_BID_SIZE	25500
2026-02-11 13:45:28 AEDT +1100	DELAYED_ASK_SIZE	91500
2026-02-11 13:45:34 AEDT +1100	DELAYED_BID_SIZE	18500
2026-02-11 13:45:34 AEDT +1100	DELAYED_ASK_SIZE	108700
2026-02-11 13:45:34 AEDT +1100	DELAYED_LAST	88.9
2026-02-11 13:45:34 AEDT +1100	DELAYED_LAST_SIZE	100
2026-02-11 13:45:38 AEDT +1100	DELAYED_LAST	88.85
2026-02-11 13:45:38 AEDT +1100	DELAYED_LAST_SIZE	100
2026-02-11 13:45:39 AEDT +1100	DELAYED_BID	88.85
2026-02-11 13:45:39 AEDT +1100	DELAYED_BID_SIZE	59900
2026-02-11 13:45:39 AEDT +1100	DELAYED_ASK	88.9
2026-02-11 13:45:39 AEDT +1100	DELAYED_ASK_SIZE	4600
2026-02-11 13:45:44 AEDT +1100	DELAYED_BID_SIZE	49200
2026-02-11 13:45:44 AEDT +1100	DELAYED_ASK_SIZE	16100
2026-02-11 13:45:49 AEDT +1100	DELAYED_BID_SIZE	29800
2026-02-11 13:45:49 AEDT +1100	DELAYED_ASK_SIZE	55800
2026-02-11 13:45:54 AEDT +1100	DELAYED_BID_SIZE	37700
2026-02-11 13:45:54 AEDT +1100	DELAYED_ASK_SIZE	19500
2026-02-11 13:45:54 AEDT +1100	DELAYED_LAST	88.9
2026-02-11 13:45:54 AEDT +1100	DELAYED_LAST_SIZE	200
2026-02-11 13:45:59 AEDT +1100	DELAYED_BID_SIZE	42200
2026-02-11 13:45:59 AEDT +1100	DELAYED_ASK_SIZE	15800
2026-02-11 13:46:04 AEDT +1100	DELAYED_BID_SIZE	44800
2026-02-11 13:46:04 AEDT +1100	DELAYED_ASK_SIZE	16200
2026-02-11 13:46:04 AEDT +1100	DELAYED_LAST_SIZE	100
2026-02-11 13:46:08 AEDT +1100	DELAYED_LAST	88.85
2026-02-11 13:46:08 AEDT +1100	DELAYED_LAST_SIZE	300
2026-02-11 13:46:09 AEDT +1100	DELAYED_BID_SIZE	44300
2026-02-11 13:46:09 AEDT +1100	DELAYED_ASK_SIZE	11600
2026-02-11 13:46:14 AEDT +1100	DELAYED_BID	88.9
2026-02-11 13:46:14 AEDT +1100	DELAYED_BID_SIZE	40500
2026-02-11 13:46:14 AEDT +1100	DELAYED_ASK	88.95
2026-02-11 13:46:14 AEDT +1100	DELAYED_ASK_SIZE	8700
2026-02-11 13:46:14 AEDT +1100	DELAYED_LAST	88.9
2026-02-11 13:46:14 AEDT +1100	DELAYED_LAST_SIZE	5700
2026-02-11 13:46:19 AEDT +1100	DELAYED_BID_SIZE	47100
2026-02-11 13:46:19 AEDT +1100	DELAYED_ASK_SIZE	7400
2026-02-11 13:46:19 AEDT +1100	DELAYED_LAST	88.95
2026-02-11 13:46:19 AEDT +1100	DELAYED_LAST_SIZE	200
2026-02-11 13:46:23 AEDT +1100	DELAYED_BID_SIZE	43900
2026-02-11 13:46:23 AEDT +1100	DELAYED_ASK_SIZE	7900
2026-02-11 13:46:23 AEDT +1100	DELAYED_LAST_SIZE	500
2026-02-11 13:46:26 AEDT +1100	DELAYED_LAST	88.9
2026-02-11 13:46:26 AEDT +1100	DELAYED_LAST_SIZE	100
2026-02-11 13:46:29 AEDT +1100	DELAYED_BID_SIZE	44700
2026-02-11 13:46:33 AEDT +1100	DELAYED_LAST	88.95
2026-02-11 13:46:33 AEDT +1100	DELAYED_LAST_SIZE	100
2026-02-11 13:46:34 AEDT +1100	DELAYED_BID_SIZE	44100
2026-02-11 13:46:34 AEDT +1100	DELAYED_ASK_SIZE	9000
2026-02-11 13:46:37 AEDT +1100	DELAYED_LAST_SIZE	200
2026-02-11 13:46:39 AEDT +1100	DELAYED_BID_SIZE	44900
2026-02-11 13:46:39 AEDT +1100	DELAYED_ASK_SIZE	10000
2026-02-11 13:46:44 AEDT +1100	DELAYED_BID_SIZE	45800
2026-02-11 13:46:44 AEDT +1100	DELAYED_ASK_SIZE	9300
2026-02-11 13:46:49 AEDT +1100	DELAYED_BID_SIZE	14700
2026-02-11 13:46:49 AEDT +1100	DELAYED_ASK_SIZE	52700
2026-02-11 13:46:49 AEDT +1100	DELAYED_LAST_SIZE	1000
2026-02-11 13:46:54 AEDT +1100	DELAYED_BID	88.85
2026-02-11 13:46:54 AEDT +1100	DELAYED_BID_SIZE	26100
2026-02-11 13:46:54 AEDT +1100	DELAYED_ASK	88.9
2026-02-11 13:46:54 AEDT +1100	DELAYED_ASK_SIZE	60300
2026-02-11 13:46:54 AEDT +1100	DELAYED_LAST	88.9
2026-02-11 13:46:54 AEDT +1100	DELAYED_LAST_SIZE	200
2026-02-11 13:46:59 AEDT +1100	DELAYED_BID_SIZE	39200
2026-02-11 13:46:59 AEDT +1100	DELAYED_ASK_SIZE	13500
2026-02-11 13:46:59 AEDT +1100	DELAYED_LAST_SIZE	100
2026-02-11 13:47:03 AEDT +1100	DELAYED_LAST_SIZE	8700
2026-02-11 13:47:04 AEDT +1100	DELAYED_BID	88.9
2026-02-11 13:47:04 AEDT +1100	DELAYED_BID_SIZE	31400
2026-02-11 13:47:04 AEDT +1100	DELAYED_ASK	88.95
2026-02-11 13:47:04 AEDT +1100	DELAYED_ASK_SIZE	900
2026-02-11 13:47:09 AEDT +1100	DELAYED_BID_SIZE	30000
2026-02-11 13:47:09 AEDT +1100	DELAYED_ASK_SIZE	1100
2026-02-11 13:47:09 AEDT +1100	DELAYED_LAST_SIZE	100
2026-02-11 13:47:13 AEDT +1100	DELAYED_LAST_SIZE	300
2026-02-11 13:47:14 AEDT +1100	DELAYED_BID_SIZE	3100
2026-02-11 13:47:14 AEDT +1100	DELAYED_ASK_SIZE	49200
2026-02-11 13:47:19 AEDT +1100	DELAYED_BID_SIZE	27800
2026-02-11 13:47:19 AEDT +1100	DELAYED_ASK_SIZE	3100
2026-02-11 13:47:19 AEDT +1100	DELAYED_LAST_SIZE	200
2026-02-11 13:47:22 AEDT +1100	DELAYED_LAST_SIZE	1800
2026-02-11 13:47:24 AEDT +1100	DELAYED_BID_SIZE	35500
2026-02-11 13:47:24 AEDT +1100	DELAYED_ASK_SIZE	2600
2026-02-11 13:47:27 AEDT +1100	DELAYED_LAST	88.95
2026-02-11 13:47:27 AEDT +1100	DELAYED_LAST_SIZE	200
2026-02-11 13:47:29 AEDT +1100	DELAYED_BID	88.95
2026-02-11 13:47:29 AEDT +1100	DELAYED_BID_SIZE	4500
2026-02-11 13:47:29 AEDT +1100	DELAYED_ASK	89.0
2026-02-11 13:47:29 AEDT +1100	DELAYED_ASK_SIZE	55800
2026-02-11 13:47:34 AEDT +1100	DELAYED_BID_SIZE	8100
2026-02-11 13:47:34 AEDT +1100	DELAYED_ASK_SIZE	55700
2026-02-11 13:47:39 AEDT +1100	DELAYED_BID_SIZE	8300
2026-02-11 13:47:39 AEDT +1100	DELAYED_ASK_SIZE	48200
2026-02-11 13:47:39 AEDT +1100	DELAYED_LAST	89.0
2026-02-11 13:47:39 AEDT +1100	DELAYED_LAST_SIZE	200
2026-02-11 13:47:44 AEDT +1100	DELAYED_BID_SIZE	14500
2026-02-11 13:47:44 AEDT +1100	DELAYED_ASK_SIZE	51400
2026-02-11 13:47:44 AEDT +1100	DELAYED_LAST_SIZE	300
2026-02-11 13:47:49 AEDT +1100	DELAYED_BID	89.0
2026-02-11 13:47:49 AEDT +1100	DELAYED_BID_SIZE	17700
2026-02-11 13:47:49 AEDT +1100	DELAYED_ASK	89.05
2026-02-11 13:47:49 AEDT +1100	DELAYED_ASK_SIZE	4600
2026-02-11 13:47:49 AEDT +1100	DELAYED_LAST_SIZE	9300
2026-02-11 13:47:50 AEDT +1100	DELAYED_LAST_SIZE	100
2026-02-11 13:47:54 AEDT +1100	DELAYED_BID_SIZE	16400
2026-02-11 13:47:54 AEDT +1100	DELAYED_ASK_SIZE	13000
2026-02-11 13:47:58 AEDT +1100	DELAYED_LAST	89.05
2026-02-11 13:47:58 AEDT +1100	DELAYED_LAST_SIZE	400
2026-02-11 13:47:59 AEDT +1100	DELAYED_BID_SIZE	11600
2026-02-11 13:47:59 AEDT +1100	DELAYED_ASK_SIZE	34200
2026-02-11 13:48:04 AEDT +1100	DELAYED_BID_SIZE	32700
2026-02-11 13:48:04 AEDT +1100	DELAYED_ASK_SIZE	2500
2026-02-11 13:48:04 AEDT +1100	DELAYED_LAST_SIZE	200
2026-02-11 13:48:09 AEDT +1100	DELAYED_BID_SIZE	38700
2026-02-11 13:48:09 AEDT +1100	DELAYED_ASK_SIZE	2800
2026-02-11 13:48:09 AEDT +1100	DELAYED_LAST_SIZE	100
2026-02-11 13:48:14 AEDT +1100	DELAYED_BID_SIZE	18100
2026-02-11 13:48:14 AEDT +1100	DELAYED_ASK_SIZE	29600
2026-02-11 13:48:14 AEDT +1100	DELAYED_LAST	89.0
2026-02-11 13:48:14 AEDT +1100	DELAYED_LAST_SIZE	100
2026-02-11 13:48:19 AEDT +1100	DELAYED_BID_SIZE	18400
2026-02-11 13:48:19 AEDT +1100	DELAYED_ASK_SIZE	30000
2026-02-11 13:48:19 AEDT +1100	DELAYED_LAST	89.05
2026-02-11 13:48:19 AEDT +1100	DELAYED_LAST_SIZE	200
2026-02-11 13:48:23 AEDT +1100	DELAYED_LAST_SIZE	500
2026-02-11 13:48:24 AEDT +1100	DELAYED_BID_SIZE	32400
2026-02-11 13:48:24 AEDT +1100	DELAYED_ASK_SIZE	5700
2026-02-11 13:48:29 AEDT +1100	DELAYED_BID_SIZE	21600
2026-02-11 13:48:29 AEDT +1100	DELAYED_ASK_SIZE	44300
2026-02-11 13:48:29 AEDT +1100	DELAYED_LAST	89.0
2026-02-11 13:48:29 AEDT +1100	DELAYED_LAST_SIZE	3000
2026-02-11 13:48:33 AEDT +1100	DELAYED_LAST_SIZE	600
2026-02-11 13:48:34 AEDT +1100	DELAYED_BID_SIZE	26900
2026-02-11 13:48:34 AEDT +1100	DELAYED_ASK_SIZE	61900
2026-02-11 13:48:39 AEDT +1100	DELAYED_BID_SIZE	36300
2026-02-11 13:48:39 AEDT +1100	DELAYED_ASK_SIZE	16700
2026-02-11 13:48:39 AEDT +1100	DELAYED_LAST	89.05
2026-02-11 13:48:39 AEDT +1100	DELAYED_LAST_SIZE	100
2026-02-11 13:48:44 AEDT +1100	DELAYED_BID	89.05
2026-02-11 13:48:44 AEDT +1100	DELAYED_BID_SIZE	3800
2026-02-11 13:48:44 AEDT +1100	DELAYED_ASK	89.1
2026-02-11 13:48:44 AEDT +1100	DELAYED_ASK_SIZE	80400
2026-02-11 13:48:49 AEDT +1100	DELAYED_BID_SIZE	10600
2026-02-11 13:48:49 AEDT +1100	DELAYED_ASK_SIZE	75900
2026-02-11 13:48:49 AEDT +1100	DELAYED_LAST	89.1
2026-02-11 13:48:49 AEDT +1100	DELAYED_LAST_SIZE	500
2026-02-11 13:48:54 AEDT +1100	DELAYED_BID_SIZE	17000
2026-02-11 13:48:54 AEDT +1100	DELAYED_ASK_SIZE	61700
2026-02-11 13:48:57 AEDT +1100	DELAYED_LAST_SIZE	200
2026-02-11 13:48:59 AEDT +1100	DELAYED_BID_SIZE	17100
2026-02-11 13:48:59 AEDT +1100	DELAYED_ASK_SIZE	63800
2026-02-11 13:49:04 AEDT +1100	DELAYED_BID_SIZE	28500
2026-02-11 13:49:04 AEDT +1100	DELAYED_ASK_SIZE	56100
2026-02-11 13:49:04 AEDT +1100	DELAYED_LAST_SIZE	1000
2026-02-11 13:49:09 AEDT +1100	DELAYED_BID_SIZE	33500
2026-02-11 13:49:09 AEDT +1100	DELAYED_ASK_SIZE	56600
2026-02-11 13:49:09 AEDT +1100	DELAYED_LAST_SIZE	100
2026-02-11 13:49:14 AEDT +1100	DELAYED_BID_SIZE	13400
2026-02-11 13:49:14 AEDT +1100	DELAYED_ASK_SIZE	100500
2026-02-11 13:49:18 AEDT +1100	DELAYED_LAST	89.05
2026-02-11 13:49:18 AEDT +1100	DELAYED_LAST_SIZE	4600
2026-02-11 13:49:19 AEDT +1100	DELAYED_BID_SIZE	4000
2026-02-11 13:49:19 AEDT +1100	DELAYED_ASK_SIZE	101300
2026-02-11 13:49:22 AEDT +1100	DELAYED_LAST	89.1
2026-02-11 13:49:22 AEDT +1100	DELAYED_LAST_SIZE	200
2026-02-11 13:49:24 AEDT +1100	DELAYED_ASK_SIZE	85400
2026-02-11 13:49:28 AEDT +1100	DELAYED_LAST_SIZE	1000
2026-02-11 13:49:29 AEDT +1100	DELAYED_BID_SIZE	3800
2026-02-11 13:49:29 AEDT +1100	DELAYED_ASK_SIZE	113100
2026-02-11 13:49:33 AEDT +1100	DELAYED_LAST	89.05
2026-02-11 13:49:33 AEDT +1100	DELAYED_LAST_SIZE	600
2026-02-11 13:49:34 AEDT +1100	DELAYED_BID	89.0
2026-02-11 13:49:34 AEDT +1100	DELAYED_BID_SIZE	30200
2026-02-11 13:49:34 AEDT +1100	DELAYED_ASK	89.05
2026-02-11 13:49:34 AEDT +1100	DELAYED_ASK_SIZE	51200
2026-02-11 13:49:39 AEDT +1100	DELAYED_BID_SIZE	35200
2026-02-11 13:49:39 AEDT +1100	DELAYED_ASK_SIZE	29300
2026-02-11 13:49:39 AEDT +1100	DELAYED_LAST_SIZE	200
2026-02-11 13:49:43 AEDT +1100	DELAYED_BID_SIZE	50600
2026-02-11 13:49:43 AEDT +1100	DELAYED_ASK_SIZE	17700
2026-02-11 13:49:43 AEDT +1100	DELAYED_LAST_SIZE	100
2026-02-11 13:49:48 AEDT +1100	DELAYED_LAST	89.0
2026-02-11 13:49:48 AEDT +1100	DELAYED_LAST_SIZE	200
2026-02-11 13:49:49 AEDT +1100	DELAYED_BID_SIZE	42100
2026-02-11 13:49:49 AEDT +1100	DELAYED_ASK_SIZE	22700
2026-02-11 13:49:54 AEDT +1100	DELAYED_BID_SIZE	33600
2026-02-11 13:49:54 AEDT +1100	DELAYED_ASK_SIZE	24900
2026-02-11 13:49:54 AEDT +1100	DELAYED_LAST_SIZE	600
2026-02-11 13:49:58 AEDT +1100	DELAYED_BID_SIZE	36300
2026-02-11 13:49:58 AEDT +1100	DELAYED_ASK_SIZE	26700
2026-02-11 13:49:58 AEDT +1100	DELAYED_LAST	89.05
2026-02-11 13:49:58 AEDT +1100	DELAYED_LAST_SIZE	100
2026-02-11 13:50:04 AEDT +1100	DELAYED_BID_SIZE	54200
2026-02-11 13:50:04 AEDT +1100	DELAYED_ASK_SIZE	27300
2026-02-11 13:50:08 AEDT +1100	DELAYED_LAST	89.0
2026-02-11 13:50:08 AEDT +1100	DELAYED_LAST_SIZE	600
2026-02-11 13:50:09 AEDT +1100	DELAYED_BID_SIZE	39200
2026-02-11 13:50:09 AEDT +1100	DELAYED_ASK_SIZE	29100
2026-02-11 13:50:14 AEDT +1100	DELAYED_BID_SIZE	36000
2026-02-11 13:50:14 AEDT +1100	DELAYED_ASK_SIZE	28000
2026-02-11 13:50:14 AEDT +1100	DELAYED_LAST_SIZE	500
2026-02-11 13:50:17 AEDT +1100	DELAYED_LAST_SIZE	200
2026-02-11 13:50:19 AEDT +1100	DELAYED_BID_SIZE	22500
2026-02-11 13:50:19 AEDT +1100	DELAYED_ASK_SIZE	53900
2026-02-11 13:50:24 AEDT +1100	DELAYED_BID_SIZE	57600
2026-02-11 13:50:24 AEDT +1100	DELAYED_ASK_SIZE	6000
2026-02-11 13:50:24 AEDT +1100	DELAYED_LAST	89.05
2026-02-11 13:50:24 AEDT +1100	DELAYED_LAST_SIZE	2500
2026-02-11 13:50:28 AEDT +1100	DELAYED_LAST_SIZE	200
2026-02-11 13:50:29 AEDT +1100	DELAYED_BID_SIZE	58300
2026-02-11 13:50:29 AEDT +1100	DELAYED_ASK_SIZE	7500
2026-02-11 13:50:34 AEDT +1100	DELAYED_BID	89.05
2026-02-11 13:50:34 AEDT +1100	DELAYED_BID_SIZE	3800
2026-02-11 13:50:34 AEDT +1100	DELAYED_ASK	89.1
2026-02-11 13:50:34 AEDT +1100	DELAYED_ASK_SIZE	77900
2026-02-11 13:50:34 AEDT +1100	DELAYED_LAST_SIZE	500
2026-02-11 13:50:37 AEDT +1100	DELAYED_LAST_SIZE	100
2026-02-11 13:50:39 AEDT +1100	DELAYED_BID_SIZE	18500
2026-02-11 13:50:39 AEDT +1100	DELAYED_ASK_SIZE	79000
2026-02-11 13:50:43 AEDT +1100	DELAYED_LAST_SIZE	2000
2026-02-11 13:50:44 AEDT +1100	DELAYED_BID_SIZE	16300
2026-02-11 13:50:44 AEDT +1100	DELAYED_ASK_SIZE	91500
2026-02-11 13:50:49 AEDT +1100	DELAYED_BID_SIZE	15800
2026-02-11 13:50:49 AEDT +1100	DELAYED_ASK_SIZE	94800
2026-02-11 13:50:49 AEDT +1100	DELAYED_LAST	89.1
2026-02-11 13:50:49 AEDT +1100	DELAYED_LAST_SIZE	2000
2026-02-11 13:50:53 AEDT +1100	DELAYED_BID_SIZE	14700
2026-02-11 13:50:53 AEDT +1100	DELAYED_ASK_SIZE	81300
2026-02-11 13:50:53 AEDT +1100	DELAYED_LAST_SIZE	600
2026-02-11 13:50:56 AEDT +1100	DELAYED_LAST	89.05
2026-02-11 13:50:56 AEDT +1100	DELAYED_LAST_SIZE	100
2026-02-11 13:50:59 AEDT +1100	DELAYED_BID_SIZE	15700
2026-02-11 13:50:59 AEDT +1100	DELAYED_ASK_SIZE	89800
2026-02-11 13:51:03 AEDT +1100	DELAYED_LAST_SIZE	1900
2026-02-11 13:51:04 AEDT +1100	DELAYED_BID_SIZE	12300
2026-02-11 13:51:04 AEDT +1100	DELAYED_ASK_SIZE	98200
2026-02-11 13:51:09 AEDT +1100	DELAYED_BID_SIZE	10100
2026-02-11 13:51:09 AEDT +1100	DELAYED_ASK_SIZE	82400
2026-02-11 13:51:09 AEDT +1100	DELAYED_LAST	89.1
2026-02-11 13:51:09 AEDT +1100	DELAYED_LAST_SIZE	4400
2026-02-11 13:51:13 AEDT +1100	DELAYED_LAST	89.05
2026-02-11 13:51:13 AEDT +1100	DELAYED_LAST_SIZE	900
2026-02-11 13:51:14 AEDT +1100	DELAYED_BID_SIZE	17900
2026-02-11 13:51:14 AEDT +1100	DELAYED_ASK_SIZE	72500
2026-02-11 13:51:18 AEDT +1100	DELAYED_LAST	89.1
2026-02-11 13:51:18 AEDT +1100	DELAYED_LAST_SIZE	500
2026-02-11 13:51:19 AEDT +1100	DELAYED_BID_SIZE	10700
2026-02-11 13:51:19 AEDT +1100	DELAYED_ASK_SIZE	90500
2026-02-11 13:51:24 AEDT +1100	DELAYED_BID_SIZE	10100
2026-02-11 13:51:24 AEDT +1100	DELAYED_ASK_SIZE	109200
2026-02-11 13:51:24 AEDT +1100	DELAYED_LAST	89.05
2026-02-11 13:51:24 AEDT +1100	DELAYED_LAST_SIZE	500
2026-02-11 13:51:28 AEDT +1100	DELAYED_LAST_SIZE	100
2026-02-11 13:51:29 AEDT +1100	DELAYED_BID	89.0
2026-02-11 13:51:29 AEDT +1100	DELAYED_BID_SIZE	28500
2026-02-11 13:51:29 AEDT +1100	DELAYED_ASK	89.05
2026-02-11 13:51:29 AEDT +1100	DELAYED_ASK_SIZE	86900
2026-02-11 13:51:34 AEDT +1100	DELAYED_BID_SIZE	39200
2026-02-11 13:51:34 AEDT +1100	DELAYED_ASK_SIZE	15500
2026-02-11 13:51:34 AEDT +1100	DELAYED_LAST	89.0
2026-02-11 13:51:34 AEDT +1100	DELAYED_LAST_SIZE	1400
2026-02-11 13:51:37 AEDT +1100	DELAYED_LAST	89.05
2026-02-11 13:51:37 AEDT +1100	DELAYED_LAST_SIZE	400
2026-02-11 13:51:38 AEDT +1100	DELAYED_BID_SIZE	26600
2026-02-11 13:51:38 AEDT +1100	DELAYED_ASK_SIZE	47500
2026-02-11 13:51:44 AEDT +1100	DELAYED_BID_SIZE	24600
2026-02-11 13:51:44 AEDT +1100	DELAYED_ASK_SIZE	68300
2026-02-11 13:51:44 AEDT +1100	DELAYED_LAST	89.0
2026-02-11 13:51:44 AEDT +1100	DELAYED_LAST_SIZE	200
2026-02-11 13:51:47 AEDT +1100	DELAYED_LAST_SIZE	700
2026-02-11 13:51:48 AEDT +1100	DELAYED_BID_SIZE	24000
2026-02-11 13:51:48 AEDT +1100	DELAYED_ASK_SIZE	62500
2026-02-11 13:51:53 AEDT +1100	DELAYED_LAST	89.05
2026-02-11 13:51:53 AEDT +1100	DELAYED_LAST_SIZE	100
2026-02-11 13:51:54 AEDT +1100	DELAYED_BID_SIZE	39900
2026-02-11 13:51:54 AEDT +1100	DELAYED_ASK_SIZE	19000
2026-02-11 13:51:59 AEDT +1100	DELAYED_BID_SIZE	44800
2026-02-11 13:51:59 AEDT +1100	DELAYED_ASK_SIZE	15600
2026-02-11 13:52:04 AEDT +1100	DELAYED_BID_SIZE	44700
2026-02-11 13:52:04 AEDT +1100	DELAYED_ASK_SIZE	16400
2026-02-11 13:52:04 AEDT +1100	DELAYED_LAST_SIZE	300
2026-02-11 13:52:09 AEDT +1100	DELAYED_BID	89.05
2026-02-11 13:52:09 AEDT +1100	DELAYED_BID_SIZE	25300
2026-02-11 13:52:09 AEDT +1100	DELAYED_ASK	89.1
2026-02-11 13:52:09 AEDT +1100	DELAYED_ASK_SIZE	32900
2026-02-11 13:52:09 AEDT +1100	DELAYED_LAST_SIZE	15500
2026-02-11 13:52:12 AEDT +1100	DELAYED_LAST_SIZE	100
2026-02-11 13:52:14 AEDT +1100	DELAYED_BID_SIZE	38100
2026-02-11 13:52:14 AEDT +1100	DELAYED_ASK_SIZE	35500
2026-02-11 13:52:18 AEDT +1100	DELAYED_LAST	89.1
2026-02-11 13:52:18 AEDT +1100	DELAYED_LAST_SIZE	200
2026-02-11 13:52:19 AEDT +1100	DELAYED_BID_SIZE	43400
2026-02-11 13:52:19 AEDT +1100	DELAYED_ASK_SIZE	35400
2026-02-11 13:52:24 AEDT +1100	DELAYED_BID_SIZE	13000
2026-02-11 13:52:24 AEDT +1100	DELAYED_ASK_SIZE	63200
2026-02-11 13:52:24 AEDT +1100	DELAYED_LAST	89.05
2026-02-11 13:52:24 AEDT +1100	DELAYED_LAST_SIZE	200
2026-02-11 13:52:25 AEDT +1100	DELAYED_LAST	89.1
2026-02-11 13:52:25 AEDT +1100	DELAYED_LAST_SIZE	100
2026-02-11 13:52:29 AEDT +1100	DELAYED_BID_SIZE	12700
2026-02-11 13:52:29 AEDT +1100	DELAYED_ASK_SIZE	86500
2026-02-11 13:52:34 AEDT +1100	DELAYED_BID	89.0
2026-02-11 13:52:34 AEDT +1100	DELAYED_BID_SIZE	45100
2026-02-11 13:52:34 AEDT +1100	DELAYED_ASK	89.05
2026-02-11 13:52:34 AEDT +1100	DELAYED_ASK_SIZE	85700
2026-02-11 13:52:34 AEDT +1100	DELAYED_LAST	89.05
2026-02-11 13:52:34 AEDT +1100	DELAYED_LAST_SIZE	200
2026-02-11 13:52:39 AEDT +1100	DELAYED_BID_SIZE	45800
2026-02-11 13:52:39 AEDT +1100	DELAYED_ASK_SIZE	89200
2026-02-11 13:52:40 AEDT +1100	DELAYED_LAST	89.0
2026-02-11 13:52:40 AEDT +1100	DELAYED_LAST_SIZE	100
2026-02-11 13:52:44 AEDT +1100	DELAYED_BID_SIZE	61000
2026-02-11 13:52:44 AEDT +1100	DELAYED_ASK_SIZE	29100
2026-02-11 13:52:49 AEDT +1100	DELAYED_BID_SIZE	63800
2026-02-11 13:52:49 AEDT +1100	DELAYED_ASK_SIZE	35200
2026-02-11 13:52:49 AEDT +1100	DELAYED_LAST	89.05
2026-02-11 13:52:49 AEDT +1100	DELAYED_LAST_SIZE	300
2026-02-11 13:52:53 AEDT +1100	DELAYED_LAST_SIZE	1800
2026-02-11 13:52:54 AEDT +1100	DELAYED_BID	89.05
2026-02-11 13:52:54 AEDT +1100	DELAYED_BID_SIZE	26400
2026-02-11 13:52:54 AEDT +1100	DELAYED_ASK	89.1
2026-02-11 13:52:54 AEDT +1100	DELAYED_ASK_SIZE	52200
2026-02-11 13:52:58 AEDT +1100	DELAYED_LAST_SIZE	200
2026-02-11 13:52:59 AEDT +1100	DELAYED_BID_SIZE	7000
2026-02-11 13:52:59 AEDT +1100	DELAYED_ASK_SIZE	67000
2026-02-11 13:53:04 AEDT +1100	DELAYED_BID	89.0
2026-02-11 13:53:04 AEDT +1100	DELAYED_BID_SIZE	65900
2026-02-11 13:53:04 AEDT +1100	DELAYED_ASK	89.05
2026-02-11 13:53:04 AEDT +1100	DELAYED_ASK_SIZE	13900
2026-02-11 13:53:04 AEDT +1100	DELAYED_LAST_SIZE	2000
2026-02-11 13:53:09 AEDT +1100	DELAYED_BID_SIZE	48000
2026-02-11 13:53:09 AEDT +1100	DELAYED_ASK_SIZE	65300
2026-02-11 13:53:09 AEDT +1100	DELAYED_LAST_SIZE	3000
2026-02-11 13:53:14 AEDT +1100	DELAYED_BID_SIZE	47900
2026-02-11 13:53:14 AEDT +1100	DELAYED_ASK_SIZE	76300
2026-02-11 13:53:14 AEDT +1100	DELAYED_LAST_SIZE	300
2026-02-11 13:53:19 AEDT +1100	DELAYED_BID_SIZE	69800
2026-02-11 13:53:19 AEDT +1100	DELAYED_ASK_SIZE	6300
2026-02-11 13:53:19 AEDT +1100	DELAYED_LAST_SIZE	100
2026-02-11 13:53:24 AEDT +1100	DELAYED_BID	89.05
2026-02-11 13:53:24 AEDT +1100	DELAYED_BID_SIZE	2000
2026-02-11 13:53:24 AEDT +1100	DELAYED_ASK	89.1
2026-02-11 13:53:24 AEDT +1100	DELAYED_ASK_SIZE	84800
2026-02-11 13:53:27 AEDT +1100	DELAYED_LAST_SIZE	400
2026-02-11 13:53:29 AEDT +1100	DELAYED_BID_SIZE	2300
2026-02-11 13:53:29 AEDT +1100	DELAYED_ASK_SIZE	90500
2026-02-11 13:53:34 AEDT +1100	DELAYED_BID	89.0
2026-02-11 13:53:34 AEDT +1100	DELAYED_BID_SIZE	74900
2026-02-11 13:53:34 AEDT +1100	DELAYED_ASK_SIZE	109000
2026-02-11 13:53:34 AEDT +1100	DELAYED_LAST_SIZE	4000
2026-02-11 13:53:37 AEDT +1100	DELAYED_LAST	89.0
2026-02-11 13:53:37 AEDT +1100	DELAYED_LAST_SIZE	100
2026-02-11 13:53:38 AEDT +1100	DELAYED_ASK	89.05
2026-02-11 13:53:38 AEDT +1100	DELAYED_ASK_SIZE	81900
2026-02-11 13:53:38 AEDT +1100	DELAYED_BID_SIZE	20700
2026-02-11 13:53:42 AEDT +1100	DELAYED_BID_SIZE	22600
2026-02-11 13:53:42 AEDT +1100	DELAYED_ASK_SIZE	92100
2026-02-11 13:53:42 AEDT +1100	DELAYED_LAST	89.05
2026-02-11 13:53:42 AEDT +1100	DELAYED_LAST_SIZE	500
2026-02-11 13:53:47 AEDT +1100	DELAYED_LAST	88.95
2026-02-11 13:53:47 AEDT +1100	DELAYED_LAST_SIZE	1200
2026-02-11 13:53:48 AEDT +1100	DELAYED_BID	88.95
2026-02-11 13:53:48 AEDT +1100	DELAYED_BID_SIZE	16500
2026-02-11 13:53:48 AEDT +1100	DELAYED_ASK	89.0
2026-02-11 13:53:48 AEDT +1100	DELAYED_ASK_SIZE	76400
2026-02-11 13:53:54 AEDT +1100	DELAYED_BID_SIZE	23700
2026-02-11 13:53:54 AEDT +1100	DELAYED_ASK_SIZE	58900
2026-02-11 13:53:54 AEDT +1100	DELAYED_LAST_SIZE	200
2026-02-11 13:53:59 AEDT +1100	DELAYED_BID_SIZE	20200
2026-02-11 13:53:59 AEDT +1100	DELAYED_ASK_SIZE	83400
2026-02-11 13:54:04 AEDT +1100	DELAYED_BID_SIZE	16100
2026-02-11 13:54:04 AEDT +1100	DELAYED_ASK_SIZE	81100
2026-02-11 13:54:04 AEDT +1100	DELAYED_LAST_SIZE	100
2026-02-11 13:54:09 AEDT +1100	DELAYED_BID_SIZE	9900
2026-02-11 13:54:09 AEDT +1100	DELAYED_ASK_SIZE	80300
2026-02-11 13:54:09 AEDT +1100	DELAYED_LAST	89.0
2026-02-11 13:54:09 AEDT +1100	DELAYED_LAST_SIZE	100
2026-02-11 13:54:11 AEDT +1100	DELAYED_LAST	88.95
2026-02-11 13:54:11 AEDT +1100	DELAYED_LAST_SIZE	100
2026-02-11 13:54:12 AEDT +1100	DELAYED_BID_SIZE	7700
2026-02-11 13:54:18 AEDT +1100	DELAYED_BID_SIZE	8000
2026-02-11 13:54:18 AEDT +1100	DELAYED_ASK_SIZE	89600
2026-02-11 13:54:18 AEDT +1100	DELAYED_LAST	89.0
2026-02-11 13:54:18 AEDT +1100	DELAYED_LAST_SIZE	200
2026-02-11 13:54:21 AEDT +1100	DELAYED_LAST	88.95
2026-02-11 13:54:21 AEDT +1100	DELAYED_LAST_SIZE	100
2026-02-11 13:54:24 AEDT +1100	DELAYED_ASK_SIZE	94900
2026-02-11 13:54:29 AEDT +1100	DELAYED_BID_SIZE	9300
2026-02-11 13:54:29 AEDT +1100	DELAYED_ASK_SIZE	98700
2026-02-11 13:54:29 AEDT +1100	DELAYED_LAST_SIZE	300
2026-02-11 13:54:33 AEDT +1100	DELAYED_LAST_SIZE	100
2026-02-11 13:54:34 AEDT +1100	DELAYED_BID_SIZE	25300
2026-02-11 13:54:34 AEDT +1100	DELAYED_ASK_SIZE	62300
2026-02-11 13:54:39 AEDT +1100	DELAYED_BID_SIZE	47600
2026-02-11 13:54:39 AEDT +1100	DELAYED_ASK_SIZE	18000
2026-02-11 13:54:39 AEDT +1100	DELAYED_LAST	89.0
2026-02-11 13:54:39 AEDT +1100	DELAYED_LAST_SIZE	700
2026-02-11 13:54:43 AEDT +1100	DELAYED_LAST	88.95
2026-02-11 13:54:43 AEDT +1100	DELAYED_LAST_SIZE	1900
2026-02-11 13:54:44 AEDT +1100	DELAYED_BID_SIZE	10300
2026-02-11 13:54:44 AEDT +1100	DELAYED_ASK_SIZE	70700
2026-02-11 13:54:49 AEDT +1100	DELAYED_BID_SIZE	10900
2026-02-11 13:54:49 AEDT +1100	DELAYED_ASK_SIZE	80400
2026-02-11 13:54:49 AEDT +1100	DELAYED_LAST_SIZE	100
2026-02-11 13:54:51 AEDT +1100	DELAYED_LAST	89.0
2026-02-11 13:54:51 AEDT +1100	DELAYED_LAST_SIZE	100
2026-02-11 13:54:54 AEDT +1100	DELAYED_BID_SIZE	17100
2026-02-11 13:54:54 AEDT +1100	DELAYED_ASK_SIZE	124200
2026-02-11 13:54:57 AEDT +1100	DELAYED_LAST	88.95
2026-02-11 13:54:57 AEDT +1100	DELAYED_LAST_SIZE	100
2026-02-11 13:54:59 AEDT +1100	DELAYED_BID_SIZE	17300
2026-02-11 13:54:59 AEDT +1100	DELAYED_ASK_SIZE	80800
2026-02-11 13:55:02 AEDT +1100	DELAYED_LAST_SIZE	900
2026-02-11 13:55:04 AEDT +1100	DELAYED_BID_SIZE	29600
2026-02-11 13:55:04 AEDT +1100	DELAYED_ASK_SIZE	78100
2026-02-11 13:55:09 AEDT +1100	DELAYED_BID_SIZE	3800
2026-02-11 13:55:09 AEDT +1100	DELAYED_ASK_SIZE	73800
2026-02-11 13:55:09 AEDT +1100	DELAYED_LAST	89.0
2026-02-11 13:55:09 AEDT +1100	DELAYED_LAST_SIZE	1100
2026-02-11 13:55:14 AEDT +1100	DELAYED_BID	89.0
2026-02-11 13:55:14 AEDT +1100	DELAYED_BID_SIZE	42900
2026-02-11 13:55:14 AEDT +1100	DELAYED_ASK	89.05
2026-02-11 13:55:14 AEDT +1100	DELAYED_ASK_SIZE	5300
2026-02-11 13:55:14 AEDT +1100	DELAYED_LAST_SIZE	200
2026-02-11 13:55:19 AEDT +1100	DELAYED_BID	89.05
2026-02-11 13:55:19 AEDT +1100	DELAYED_BID_SIZE	29600
2026-02-11 13:55:19 AEDT +1100	DELAYED_ASK	89.1
2026-02-11 13:55:19 AEDT +1100	DELAYED_ASK_SIZE	35200
2026-02-11 13:55:19 AEDT +1100	DELAYED_LAST	89.05
2026-02-11 13:55:19 AEDT +1100	DELAYED_LAST_SIZE	5100
2026-02-11 13:55:24 AEDT +1100	DELAYED_BID	88.95
2026-02-11 13:55:24 AEDT +1100	DELAYED_BID_SIZE	34500
2026-02-11 13:55:24 AEDT +1100	DELAYED_ASK	89.0
2026-02-11 13:55:24 AEDT +1100	DELAYED_ASK_SIZE	6600
2026-02-11 13:55:24 AEDT +1100	DELAYED_LAST	89.0
2026-02-11 13:55:24 AEDT +1100	DELAYED_LAST_SIZE	500
2026-02-11 13:55:28 AEDT +1100	DELAYED_LAST_SIZE	200
2026-02-11 13:55:29 AEDT +1100	DELAYED_BID_SIZE	42300
2026-02-11 13:55:29 AEDT +1100	DELAYED_ASK_SIZE	12000
2026-02-11 13:55:34 AEDT +1100	DELAYED_BID	89.0
2026-02-11 13:55:34 AEDT +1100	DELAYED_BID_SIZE	40300
2026-02-11 13:55:34 AEDT +1100	DELAYED_ASK	89.05
2026-02-11 13:55:34 AEDT +1100	DELAYED_ASK_SIZE	3200
2026-02-11 13:55:34 AEDT +1100	DELAYED_LAST_SIZE	26100
2026-02-11 13:55:38 AEDT +1100	DELAYED_LAST	89.05
2026-02-11 13:55:38 AEDT +1100	DELAYED_LAST_SIZE	100
2026-02-11 13:55:39 AEDT +1100	DELAYED_BID_SIZE	49800
2026-02-11 13:55:39 AEDT +1100	DELAYED_ASK_SIZE	6000
2026-02-11 13:55:42 AEDT +1100	DELAYED_LAST_SIZE	5800
2026-02-11 13:55:44 AEDT +1100	DELAYED_BID	89.05
2026-02-11 13:55:44 AEDT +1100	DELAYED_BID_SIZE	6000
2026-02-11 13:55:44 AEDT +1100	DELAYED_ASK	89.1
2026-02-11 13:55:44 AEDT +1100	DELAYED_ASK_SIZE	65300
2026-02-11 13:55:48 AEDT +1100	DELAYED_BID_SIZE	7100
2026-02-11 13:55:48 AEDT +1100	DELAYED_ASK_SIZE	68400
2026-02-11 13:55:48 AEDT +1100	DELAYED_LAST_SIZE	100
2026-02-11 13:55:54 AEDT +1100	DELAYED_BID_SIZE	2300
2026-02-11 13:55:54 AEDT +1100	DELAYED_ASK_SIZE	64400
2026-02-11 13:55:54 AEDT +1100	DELAYED_LAST	89.1
2026-02-11 13:55:54 AEDT +1100	DELAYED_LAST_SIZE	200
2026-02-11 13:55:58 AEDT +1100	DELAYED_LAST	89.05
2026-02-11 13:55:58 AEDT +1100	DELAYED_LAST_SIZE	400
2026-02-11 13:55:59 AEDT +1100	DELAYED_BID_SIZE	4300
2026-02-11 13:55:59 AEDT +1100	DELAYED_ASK_SIZE	66600
2026-02-11 13:56:04 AEDT +1100	DELAYED_BID_SIZE	22800
2026-02-11 13:56:04 AEDT +1100	DELAYED_ASK_SIZE	55300
2026-02-11 13:56:04 AEDT +1100	DELAYED_LAST_SIZE	100
2026-02-11 13:56:09 AEDT +1100	DELAYED_BID	89.1
2026-02-11 13:56:09 AEDT +1100	DELAYED_BID_SIZE	33600
2026-02-11 13:56:09 AEDT +1100	DELAYED_ASK	89.15
2026-02-11 13:56:09 AEDT +1100	DELAYED_ASK_SIZE	26100
2026-02-11 13:56:09 AEDT +1100	DELAYED_LAST	89.1
2026-02-11 13:56:09 AEDT +1100	DELAYED_LAST_SIZE	54400
2026-02-11 13:56:10 AEDT +1100	DELAYED_LAST_SIZE	1100
2026-02-11 13:56:14 AEDT +1100	DELAYED_BID_SIZE	15700
2026-02-11 13:56:14 AEDT +1100	DELAYED_ASK_SIZE	40500
2026-02-11 13:56:18 AEDT +1100	DELAYED_LAST_SIZE	500
2026-02-11 13:56:19 AEDT +1100	DELAYED_BID_SIZE	2500
2026-02-11 13:56:19 AEDT +1100	DELAYED_ASK_SIZE	64400
2026-02-11 13:56:23 AEDT +1100	DELAYED_LAST	89.15
2026-02-11 13:56:23 AEDT +1100	DELAYED_LAST_SIZE	100
2026-02-11 13:56:24 AEDT +1100	DELAYED_BID_SIZE	5500
2026-02-11 13:56:24 AEDT +1100	DELAYED_ASK_SIZE	49500
2026-02-11 13:56:28 AEDT +1100	DELAYED_BID_SIZE	57100
2026-02-11 13:56:28 AEDT +1100	DELAYED_ASK_SIZE	31600
2026-02-11 13:56:28 AEDT +1100	DELAYED_LAST_SIZE	300
2026-02-11 13:56:34 AEDT +1100	DELAYED_BID_SIZE	51300
2026-02-11 13:56:34 AEDT +1100	DELAYED_ASK_SIZE	30000
2026-02-11 13:56:34 AEDT +1100	DELAYED_LAST_SIZE	200
2026-02-11 13:56:38 AEDT +1100	DELAYED_LAST_SIZE	100
2026-02-11 13:56:39 AEDT +1100	DELAYED_BID_SIZE	53600
2026-02-11 13:56:39 AEDT +1100	DELAYED_ASK_SIZE	4900
2026-02-11 13:56:43 AEDT +1100	DELAYED_LAST_SIZE	3300
2026-02-11 13:56:44 AEDT +1100	DELAYED_BID_SIZE	51200
2026-02-11 13:56:44 AEDT +1100	DELAYED_ASK_SIZE	15300
2026-02-11 13:56:47 AEDT +1100	DELAYED_LAST_SIZE	300
2026-02-11 13:56:49 AEDT +1100	DELAYED_BID	89.15
2026-02-11 13:56:49 AEDT +1100	DELAYED_BID_SIZE	600
2026-02-11 13:56:49 AEDT +1100	DELAYED_ASK	89.2
2026-02-11 13:56:49 AEDT +1100	DELAYED_ASK_SIZE	113100
2026-02-11 13:56:51 AEDT +1100	DELAYED_LAST_SIZE	100
2026-02-11 13:56:54 AEDT +1100	DELAYED_BID_SIZE	3600
2026-02-11 13:56:54 AEDT +1100	DELAYED_ASK_SIZE	103200
2026-02-11 13:56:59 AEDT +1100	DELAYED_BID_SIZE	3400
2026-02-11 13:56:59 AEDT +1100	DELAYED_ASK_SIZE	64400
2026-02-11 13:56:59 AEDT +1100	DELAYED_LAST	89.2
2026-02-11 13:56:59 AEDT +1100	DELAYED_LAST_SIZE	8100
2026-02-11 13:57:02 AEDT +1100	DELAYED_LAST_SIZE	200
2026-02-11 13:57:04 AEDT +1100	DELAYED_BID_SIZE	15600
2026-02-11 13:57:04 AEDT +1100	DELAYED_ASK_SIZE	46000
2026-02-11 13:57:09 AEDT +1100	DELAYED_BID_SIZE	27400
2026-02-11 13:57:09 AEDT +1100	DELAYED_ASK_SIZE	25900
2026-02-11 13:57:09 AEDT +1100	DELAYED_LAST	89.15
2026-02-11 13:57:09 AEDT +1100	DELAYED_LAST_SIZE	800
2026-02-11 13:57:13 AEDT +1100	DELAYED_LAST	89.2
2026-02-11 13:57:13 AEDT +1100	DELAYED_LAST_SIZE	200
2026-02-11 13:57:14 AEDT +1100	DELAYED_BID_SIZE	34300
2026-02-11 13:57:14 AEDT +1100	DELAYED_ASK_SIZE	3800
2026-02-11 13:57:19 AEDT +1100	DELAYED_BID_SIZE	30100
2026-02-11 13:57:19 AEDT +1100	DELAYED_ASK_SIZE	5200
2026-02-11 13:57:24 AEDT +1100	DELAYED_BID_SIZE	11400
2026-02-11 13:57:24 AEDT +1100	DELAYED_ASK_SIZE	40000
2026-02-11 13:57:29 AEDT +1100	DELAYED_BID	89.2
2026-02-11 13:57:29 AEDT +1100	DELAYED_BID_SIZE	300
2026-02-11 13:57:29 AEDT +1100	DELAYED_ASK	89.25
2026-02-11 13:57:29 AEDT +1100	DELAYED_ASK_SIZE	42600
2026-02-11 13:57:29 AEDT +1100	DELAYED_LAST	89.25
2026-02-11 13:57:29 AEDT +1100	DELAYED_LAST_SIZE	1500
2026-02-11 13:57:34 AEDT +1100	DELAYED_ASK_SIZE	54800
2026-02-11 13:57:34 AEDT +1100	DELAYED_LAST_SIZE	5100
2026-02-11 13:57:39 AEDT +1100	DELAYED_BID	89.15
2026-02-11 13:57:39 AEDT +1100	DELAYED_BID_SIZE	10800
2026-02-11 13:57:39 AEDT +1100	DELAYED_ASK	89.2
2026-02-11 13:57:39 AEDT +1100	DELAYED_ASK_SIZE	40000
2026-02-11 13:57:39 AEDT +1100	DELAYED_LAST	89.2
2026-02-11 13:57:39 AEDT +1100	DELAYED_LAST_SIZE	400
2026-02-11 13:57:43 AEDT +1100	DELAYED_LAST_SIZE	1000
2026-02-11 13:57:44 AEDT +1100	DELAYED_BID_SIZE	11500
2026-02-11 13:57:44 AEDT +1100	DELAYED_ASK_SIZE	42500
2026-02-11 13:57:48 AEDT +1100	DELAYED_LAST_SIZE	400
2026-02-11 13:57:49 AEDT +1100	DELAYED_BID_SIZE	11600
2026-02-11 13:57:49 AEDT +1100	DELAYED_ASK_SIZE	59600
2026-02-11 13:57:54 AEDT +1100	DELAYED_BID_SIZE	13000
2026-02-11 13:57:54 AEDT +1100	DELAYED_ASK_SIZE	49700
2026-02-11 13:57:54 AEDT +1100	DELAYED_LAST_SIZE	100
2026-02-11 13:57:55 AEDT +1100	DELAYED_LAST_SIZE	1000
2026-02-11 13:57:59 AEDT +1100	DELAYED_BID_SIZE	13100
2026-02-11 13:57:59 AEDT +1100	DELAYED_ASK_SIZE	54000
2026-02-11 13:58:04 AEDT +1100	DELAYED_BID_SIZE	25100
2026-02-11 13:58:04 AEDT +1100	DELAYED_ASK_SIZE	36800
2026-02-11 13:58:04 AEDT +1100	DELAYED_LAST_SIZE	300
2026-02-11 13:58:09 AEDT +1100	DELAYED_BID_SIZE	20300
2026-02-11 13:58:09 AEDT +1100	DELAYED_ASK_SIZE	52700
2026-02-11 13:58:09 AEDT +1100	DELAYED_LAST_SIZE	100
2026-02-11 13:58:10 AEDT +1100	DELAYED_LAST	89.15
2026-02-11 13:58:10 AEDT +1100	DELAYED_LAST_SIZE	300
2026-02-11 13:58:14 AEDT +1100	DELAYED_BID_SIZE	22300
2026-02-11 13:58:14 AEDT +1100	DELAYED_ASK_SIZE	55400
2026-02-11 13:58:19 AEDT +1100	DELAYED_BID_SIZE	43800
2026-02-11 13:58:19 AEDT +1100	DELAYED_ASK_SIZE	15200
2026-02-11 13:58:19 AEDT +1100	DELAYED_LAST	89.2
2026-02-11 13:58:19 AEDT +1100	DELAYED_LAST_SIZE	20000
2026-02-11 13:58:24 AEDT +1100	DELAYED_BID	89.2
2026-02-11 13:58:24 AEDT +1100	DELAYED_BID_SIZE	46100
2026-02-11 13:58:24 AEDT +1100	DELAYED_ASK	89.25
2026-02-11 13:58:24 AEDT +1100	DELAYED_ASK_SIZE	14500
2026-02-11 13:58:24 AEDT +1100	DELAYED_LAST_SIZE	100
2026-02-11 13:58:29 AEDT +1100	DELAYED_BID_SIZE	39500
2026-02-11 13:58:29 AEDT +1100	DELAYED_ASK_SIZE	16400
2026-02-11 13:58:34 AEDT +1100	DELAYED_BID_SIZE	50200
2026-02-11 13:58:34 AEDT +1100	DELAYED_ASK_SIZE	18300
2026-02-11 13:58:38 AEDT +1100	DELAYED_BID_SIZE	51200
2026-02-11 13:58:38 AEDT +1100	DELAYED_ASK_SIZE	17100
2026-02-11 13:58:38 AEDT +1100	DELAYED_LAST	89.25
2026-02-11 13:58:38 AEDT +1100	DELAYED_LAST_SIZE	300
2026-02-11 13:58:44 AEDT +1100	DELAYED_BID_SIZE	40800
2026-02-11 13:58:44 AEDT +1100	DELAYED_ASK_SIZE	16400
2026-02-11 13:58:44 AEDT +1100	DELAYED_LAST_SIZE	100
2026-02-11 13:58:49 AEDT +1100	DELAYED_BID_SIZE	26600
2026-02-11 13:58:49 AEDT +1100	DELAYED_ASK_SIZE	47500
2026-02-11 13:58:53 AEDT +1100	DELAYED_LAST_SIZE	200
2026-02-11 13:58:54 AEDT +1100	DELAYED_BID_SIZE	26400
2026-02-11 13:58:54 AEDT +1100	DELAYED_ASK_SIZE	49800
2026-02-11 13:58:59 AEDT +1100	DELAYED_BID_SIZE	24800
2026-02-11 13:58:59 AEDT +1100	DELAYED_ASK_SIZE	61700
2026-02-11 13:58:59 AEDT +1100	DELAYED_LAST	89.2
2026-02-11 13:58:59 AEDT +1100	DELAYED_LAST_SIZE	100
2026-02-11 13:59:04 AEDT +1100	DELAYED_BID_SIZE	43000
2026-02-11 13:59:04 AEDT +1100	DELAYED_ASK_SIZE	37700
2026-02-11 13:59:04 AEDT +1100	DELAYED_LAST	89.25
2026-02-11 13:59:04 AEDT +1100	DELAYED_LAST_SIZE	100
2026-02-11 13:59:09 AEDT +1100	DELAYED_BID_SIZE	27800
2026-02-11 13:59:09 AEDT +1100	DELAYED_ASK_SIZE	53500
2026-02-11 13:59:09 AEDT +1100	DELAYED_LAST	89.2
2026-02-11 13:59:09 AEDT +1100	DELAYED_LAST_SIZE	200
2026-02-11 13:59:14 AEDT +1100	DELAYED_BID	89.25
2026-02-11 13:59:14 AEDT +1100	DELAYED_BID_SIZE	800
2026-02-11 13:59:14 AEDT +1100	DELAYED_ASK	89.3
2026-02-11 13:59:14 AEDT +1100	DELAYED_ASK_SIZE	91800
2026-02-11 13:59:14 AEDT +1100	DELAYED_LAST	89.25
2026-02-11 13:59:14 AEDT +1100	DELAYED_LAST_SIZE	100
2026-02-11 13:59:19 AEDT +1100	DELAYED_BID	89.2
2026-02-11 13:59:19 AEDT +1100	DELAYED_BID_SIZE	53200
2026-02-11 13:59:19 AEDT +1100	DELAYED_ASK	89.25
2026-02-11 13:59:19 AEDT +1100	DELAYED_ASK_SIZE	1600
2026-02-11 13:59:19 AEDT +1100	DELAYED_LAST_SIZE	200
2026-02-11 13:59:24 AEDT +1100	DELAYED_BID_SIZE	35800
2026-02-11 13:59:24 AEDT +1100	DELAYED_ASK_SIZE	85500
2026-02-11 13:59:24 AEDT +1100	DELAYED_LAST	89.2
2026-02-11 13:59:24 AEDT +1100	DELAYED_LAST_SIZE	400
2026-02-11 13:59:29 AEDT +1100	DELAYED_BID_SIZE	32500
2026-02-11 13:59:29 AEDT +1100	DELAYED_ASK_SIZE	67600
2026-02-11 13:59:29 AEDT +1100	DELAYED_LAST	89.25
2026-02-11 13:59:29 AEDT +1100	DELAYED_LAST_SIZE	1000
2026-02-11 13:59:30 AEDT +1100	DELAYED_LAST_SIZE	100
2026-02-11 13:59:34 AEDT +1100	DELAYED_BID_SIZE	34100
2026-02-11 13:59:34 AEDT +1100	DELAYED_ASK_SIZE	89900
2026-02-11 13:59:39 AEDT +1100	DELAYED_BID_SIZE	35800
2026-02-11 13:59:39 AEDT +1100	DELAYED_ASK_SIZE	87200
2026-02-11 13:59:43 AEDT +1100	DELAYED_LAST_SIZE	2000
2026-02-11 13:59:44 AEDT +1100	DELAYED_BID_SIZE	36800
2026-02-11 13:59:44 AEDT +1100	DELAYED_ASK_SIZE	73900
2026-02-11 13:59:45 AEDT +1100	DELAYED_LAST_SIZE	500
2026-02-11 13:59:48 AEDT +1100	DELAYED_BID_SIZE	49600
2026-02-11 13:59:48 AEDT +1100	DELAYED_ASK_SIZE	51900
2026-02-11 13:59:54 AEDT +1100	DELAYED_BID_SIZE	36100
2026-02-11 13:59:54 AEDT +1100	DELAYED_ASK_SIZE	66900
2026-02-11 13:59:54 AEDT +1100	DELAYED_LAST	89.2
2026-02-11 13:59:54 AEDT +1100	DELAYED_LAST_SIZE	400
2026-02-11 13:59:59 AEDT +1100	DELAYED_BID_SIZE	37200
2026-02-11 13:59:59 AEDT +1100	DELAYED_ASK_SIZE	74600
2026-02-11 13:59:59 AEDT +1100	DELAYED_LAST	89.25
2026-02-11 13:59:59 AEDT +1100	DELAYED_LAST_SIZE	200
2026-02-11 14:00:04 AEDT +1100	DELAYED_BID_SIZE	37700
2026-02-11 14:00:04 AEDT +1100	DELAYED_ASK_SIZE	71600
2026-02-11 14:00:04 AEDT +1100	DELAYED_LAST_SIZE	100
2026-02-11 14:00:09 AEDT +1100	DELAYED_BID_SIZE	50900
2026-02-11 14:00:09 AEDT +1100	DELAYED_ASK_SIZE	53300
2026-02-11 14:00:09 AEDT +1100	DELAYED_LAST_SIZE	600
2026-02-11 14:00:14 AEDT +1100	DELAYED_BID_SIZE	41000
2026-02-11 14:00:14 AEDT +1100	DELAYED_ASK_SIZE	77500
2026-02-11 14:00:14 AEDT +1100	DELAYED_LAST	89.2
2026-02-11 14:00:14 AEDT +1100	DELAYED_LAST_SIZE	1900
